[    0.000000] Initializing cgroup subsys cpuset
[    0.000000] Initializing cgroup subsys cpu
[    0.000000] Initializing cgroup subsys cpuacct
[    0.000000] Linux version 4.4.0-104-generic (buildd@lgw01-amd64-022) (gcc version 5.4.0 20160609 (Ubuntu 5.4.0-6ubuntu1~16.04.5) ) #127-Ubuntu SMP Mon Dec 11 12:16:42 UTC 2017 (Ubuntu 4.4.0-104.127-generic 4.4.98)
[    0.000000] Command line: BOOT_IMAGE=/boot/vmlinuz-4.4.0-104-generic root=UUID=743b1402-d445-494c-af0b-749040bb33e4 ro console=tty1 console=ttyS0
[    0.000000] KERNEL supported cpus:
[    0.000000]   Intel GenuineIntel
[    0.000000]   AMD AuthenticAMD
[    0.000000]   Centaur CentaurHauls
[    0.000000] x86/fpu: xstate_offset[2]:  576, xstate_sizes[2]:  256
[    0.000000] x86/fpu: Supporting XSAVE feature 0x01: 'x87 floating point registers'
[    0.000000] x86/fpu: Supporting XSAVE feature 0x02: 'SSE registers'
[    0.000000] x86/fpu: Supporting XSAVE feature 0x04: 'AVX registers'
[    0.000000] x86/fpu: Enabled xstate features 0x7, context size is 832 bytes, using 'standard' format.
[    0.000000] x86/fpu: Using 'lazy' FPU context switches.
[    0.000000] e820: BIOS-provided physical RAM map:
[    0.000000] BIOS-e820: [mem 0x0000000000000000-0x000000000009fbff] usable
[    0.000000] BIOS-e820: [mem 0x000000000009fc00-0x000000000009ffff] reserved
[    0.000000] BIOS-e820: [mem 0x00000000000f0000-0x00000000000fffff] reserved
[    0.000000] BIOS-e820: [mem 0x0000000000100000-0x000000003ffeffff] usable
[    0.000000] BIOS-e820: [mem 0x000000003fff0000-0x000000003fffffff] ACPI data
[    0.000000] BIOS-e820: [mem 0x00000000fec00000-0x00000000fec00fff] reserved
[    0.000000] BIOS-e820: [mem 0x00000000fee00000-0x00000000fee00fff] reserved
[    0.000000] BIOS-e820: [mem 0x00000000fffc0000-0x00000000ffffffff] reserved
[    0.000000] NX (Execute Disable) protection: active
[    0.000000] SMBIOS 2.5 present.
[    0.000000] Hypervisor detected: KVM
[    0.000000] e820: last_pfn = 0x3fff0 max_arch_pfn = 0x400000000
[    0.000000] MTRR: Disabled
[    0.000000] x86/PAT: MTRRs disabled, skipping PAT initialization too.
[    0.000000] CPU MTRRs all blank - virtualized system.
[    0.000000] x86/PAT: Configuration [0-7]: WB  WT  UC- UC  WB  WT  UC- UC  
[    0.000000] found SMP MP-table at [mem 0x0009fff0-0x0009ffff] mapped at [ffff88000009fff0]
[    0.000000] Scanning 1 areas for low memory corruption
[    0.000000] RAMDISK: [mem 0x36232000-0x37110fff]
[    0.000000] ACPI: Early table checksum verification disabled
[    0.000000] ACPI: RSDP 0x00000000000E0000 000024 (v02 VBOX  )
[    0.000000] ACPI: XSDT 0x000000003FFF0030 00003C (v01 VBOX   VBOXXSDT 00000001 ASL  00000061)
[    0.000000] ACPI: FACP 0x000000003FFF00F0 0000F4 (v04 VBOX   VBOXFACP 00000001 ASL  00000061)
[    0.000000] ACPI: DSDT 0x000000003FFF0470 0021FF (v02 VBOX   VBOXBIOS 00000002 INTL 20100528)
[    0.000000] ACPI: FACS 0x000000003FFF0200 000040
[    0.000000] ACPI: FACS 0x000000003FFF0200 000040
[    0.000000] ACPI: APIC 0x000000003FFF0240 00005C (v02 VBOX   VBOXAPIC 00000001 ASL  00000061)
[    0.000000] ACPI: SSDT 0x000000003FFF02A0 0001CC (v01 VBOX   VBOXCPUT 00000002 INTL 20100528)
[    0.000000] No NUMA configuration found
[    0.000000] Faking a node at [mem 0x0000000000000000-0x000000003ffeffff]
[    0.000000] NODE_DATA(0) allocated [mem 0x3ffeb000-0x3ffeffff]
[    0.000000] kvm-clock: Using msrs 4b564d01 and 4b564d00
[    0.000000] kvm-clock: cpu 0, msr 0:3ffe3001, primary cpu clock
[    0.000000] kvm-clock: using sched offset of 3916784418 cycles
[    0.000000] clocksource: kvm-clock: mask: 0xffffffffffffffff max_cycles: 0x1cd42e4dffb, max_idle_ns: 881590591483 ns
[    0.000000] Zone ranges:
[    0.000000]   DMA      [mem 0x0000000000001000-0x0000000000ffffff]
[    0.000000]   DMA32    [mem 0x0000000001000000-0x000000003ffeffff]
[    0.000000]   Normal   empty
[    0.000000]   Device   empty
[    0.000000] Movable zone start for each node
[    0.000000] Early memory node ranges
[    0.000000]   node   0: [mem 0x0000000000001000-0x000000000009efff]
[    0.000000]   node   0: [mem 0x0000000000100000-0x000000003ffeffff]
[    0.000000] Initmem setup node 0 [mem 0x0000000000001000-0x000000003ffeffff]
[    0.000000] ACPI: PM-Timer IO Port: 0x4008
[    0.000000] IOAPIC[0]: apic_id 2, version 32, address 0xfec00000, GSI 0-23
[    0.000000] ACPI: INT_SRC_OVR (bus 0 bus_irq 0 global_irq 2 dfl dfl)
[    0.000000] ACPI: INT_SRC_OVR (bus 0 bus_irq 9 global_irq 9 high level)
[    0.000000] Using ACPI (MADT) for SMP configuration information
[    0.000000] smpboot: Allowing 2 CPUs, 0 hotplug CPUs
[    0.000000] PM: Registered nosave memory: [mem 0x00000000-0x00000fff]
[    0.000000] PM: Registered nosave memory: [mem 0x0009f000-0x0009ffff]
[    0.000000] PM: Registered nosave memory: [mem 0x000a0000-0x000effff]
[    0.000000] PM: Registered nosave memory: [mem 0x000f0000-0x000fffff]
[    0.000000] e820: [mem 0x40000000-0xfebfffff] available for PCI devices
[    0.000000] Booting paravirtualized kernel on KVM
[    0.000000] clocksource: refined-jiffies: mask: 0xffffffff max_cycles: 0xffffffff, max_idle_ns: 7645519600211568 ns
[    0.000000] setup_percpu: NR_CPUS:512 nr_cpumask_bits:512 nr_cpu_ids:2 nr_node_ids:1
[    0.000000] PERCPU: Embedded 33 pages/cpu @ffff88003fc00000 s98200 r8192 d28776 u1048576
[    0.000000] PV qspinlock hash table entries: 256 (order: 0, 4096 bytes)
[    0.000000] Built 1 zonelists in Node order, mobility grouping on.  Total pages: 257913
[    0.000000] Policy zone: DMA32
[    0.000000] Kernel command line: BOOT_IMAGE=/boot/vmlinuz-4.4.0-104-generic root=UUID=743b1402-d445-494c-af0b-749040bb33e4 ro console=tty1 console=ttyS0
[    0.000000] PID hash table entries: 4096 (order: 3, 32768 bytes)
[    0.000000] Memory: 997344K/1048120K available (8485K kernel code, 1295K rwdata, 3988K rodata, 1492K init, 1316K bss, 50776K reserved, 0K cma-reserved)
[    0.000000] SLUB: HWalign=64, Order=0-3, MinObjects=0, CPUs=2, Nodes=1
[    0.000000] Hierarchical RCU implementation.
[    0.000000] 	Build-time adjustment of leaf fanout to 64.
[    0.000000] 	RCU restricting CPUs from NR_CPUS=512 to nr_cpu_ids=2.
[    0.000000] RCU: Adjusting geometry for rcu_fanout_leaf=64, nr_cpu_ids=2
[    0.000000] NR_IRQS:33024 nr_irqs:440 16
[    0.000000] Console: colour VGA+ 80x25
[    0.000000] console [tty1] enabled
[    0.000000] console [ttyS0] enabled
[    0.000000] tsc: Detected 3392.294 MHz processor
[   13.502811] Calibrating delay loop (skipped) preset value.. 6784.58 BogoMIPS (lpj=13569176)
[   13.508189] pid_max: default: 32768 minimum: 301
[   13.514047] ACPI: Core revision 20150930
[   13.516313] ACPI: 2 ACPI AML tables successfully acquired and loaded
[   13.606422] Security Framework initialized
[   13.682447] Yama: becoming mindful.
[   13.745869] AppArmor: AppArmor initialized
[   13.838413] Dentry cache hash table entries: 131072 (order: 8, 1048576 bytes)
[   14.012639] Inode-cache hash table entries: 65536 (order: 7, 524288 bytes)
[   14.160908] Mount-cache hash table entries: 2048 (order: 2, 16384 bytes)
[   14.192469] Mountpoint-cache hash table entries: 2048 (order: 2, 16384 bytes)
[   14.255665] Initializing cgroup subsys io
[   14.330900] Initializing cgroup subsys memory
[   14.420435] Initializing cgroup subsys devices
[   14.498521] Initializing cgroup subsys freezer
[   14.603114] Initializing cgroup subsys net_cls
[   14.722493] Initializing cgroup subsys perf_event
[   14.842088] Initializing cgroup subsys net_prio
[   14.930531] Initializing cgroup subsys hugetlb
[   15.059516] Initializing cgroup subsys pids
[   15.170604] CPU: Physical Processor ID: 0
[   15.251312] CPU: Processor Core ID: 0
[   15.354809] mce: CPU supports 0 MCE banks
[   15.454124] Last level iTLB entries: 4KB 512, 2MB 8, 4MB 8
[   15.510934] Last level dTLB entries: 4KB 512, 2MB 32, 4MB 32, 1GB 0
[   15.665920] Freeing SMP alternatives memory: 32K
[   15.768051] ftrace: allocating 32158 entries in 126 pages
[   15.901759] smpboot: APIC(0) Converting physical 0 to logical package 0
[   16.073757] smpboot: Max logical packages: 1
[   16.171931] x2apic enabled
[   16.247822] Switched APIC routing to physical x2apic.
[   16.354687] ..TIMER: vector=0x30 apic1=0 pin1=2 apic2=-1 pin2=-1
[   16.597926] smpboot: CPU0: Intel(R) Core(TM) i7-3770 CPU @ 3.40GHz (family: 0x6, model: 0x3a, stepping: 0x9)
[   16.792213] Performance Events: unsupported p6 CPU model 58 no PMU driver, software events only.
[   16.981448] KVM setup paravirtual spinlock
[   17.065415] x86: Booting SMP configuration:
[   17.160382] .... node  #0, CPUs:      #1
[   17.240256] kvm-clock: cpu 1, msr 0:3ffe3041, secondary cpu clock
[   17.358906] mce: CPU supports 0 MCE banks
[   17.435531] x86: Booted up 1 node, 2 CPUs
[   17.524531] smpboot: Total of 2 processors activated (13569.17 BogoMIPS)
[   17.659357] devtmpfs: initialized
[   17.699771] evm: security.selinux
[   17.703176] evm: security.SMACK64
[   17.780360] evm: security.SMACK64EXEC
[   17.830823] evm: security.SMACK64TRANSMUTE
[   17.908372] evm: security.SMACK64MMAP
[   18.010383] evm: security.ima
[   18.080363] evm: security.capability
[   18.184669] clocksource: jiffies: mask: 0xffffffff max_cycles: 0xffffffff, max_idle_ns: 7645041785100000 ns
[   18.343258] futex hash table entries: 512 (order: 3, 32768 bytes)
[   18.447164] pinctrl core: initialized pinctrl subsystem
[   18.584112] RTC time:  0:07:22, date: 12/28/17
[   18.673173] NET: Registered protocol family 16
[   18.779663] cpuidle: using governor ladder
[   18.847186] cpuidle: using governor menu
[   18.958506] PCCT header not found.
[   19.019086] ACPI: bus type PCI registered
[   19.099584] acpiphp: ACPI Hot Plug PCI Controller Driver version: 0.5
[   19.249733] PCI: Using configuration type 1 for base access
[   19.363829] ACPI: Added _OSI(Module Device)
[   19.458091] ACPI: Added _OSI(Processor Device)
[   19.566635] ACPI: Added _OSI(3.0 _SCP Extensions)
[   19.680659] ACPI: Added _OSI(Processor Aggregator Device)
[   19.770242] ACPI: Executed 1 blocks of module-level executable AML code
[   19.866314] ACPI: Interpreter enabled
[   19.960655] ACPI: (supports S0 S5)
[   20.048615] ACPI: Using IOAPIC for interrupt routing
[   20.140854] PCI: Using host bridge windows from ACPI; if necessary, use "pci=nocrs" and report a bug
[   20.381629] ACPI: PCI Root Bridge [PCI0] (domain 0000 [bus 00-ff])
[   20.511302] acpi PNP0A03:00: _OSC: OS supports [ASPM ClockPM Segments MSI]
[   20.665805] acpi PNP0A03:00: _OSC: not requesting OS control; OS requires [ExtendedConfig ASPM ClockPM MSI]
[   20.857123] acpi PNP0A03:00: fail to add MMCONFIG information, can't access extended PCI configuration space under this bridge.
[   21.096027] PCI host bridge to bus 0000:00
[   21.209811] pci_bus 0000:00: root bus resource [io  0x0000-0x0cf7 window]
[   21.356368] pci_bus 0000:00: root bus resource [io  0x0d00-0xffff window]
[   21.501375] pci_bus 0000:00: root bus resource [mem 0x000a0000-0x000bffff window]
[   21.647653] pci_bus 0000:00: root bus resource [mem 0x40000000-0xffdfffff window]
[   21.817172] pci_bus 0000:00: root bus resource [bus 00-ff]
[   21.918700] pci 0000:00:01.1: legacy IDE quirk: reg 0x10: [io  0x01f0-0x01f7]
[   21.959908] pci 0000:00:01.1: legacy IDE quirk: reg 0x14: [io  0x03f6]
[   22.106963] pci 0000:00:01.1: legacy IDE quirk: reg 0x18: [io  0x0170-0x0177]
[   22.275525] pci 0000:00:01.1: legacy IDE quirk: reg 0x1c: [io  0x0376]
[   22.469613] pci 0000:00:07.0: quirk: [io  0x4000-0x403f] claimed by PIIX4 ACPI
[   22.596299] pci 0000:00:07.0: quirk: [io  0x4100-0x410f] claimed by PIIX4 SMB
[   22.719671] ACPI: PCI Interrupt Link [LNKA] (IRQs 5 9 10 *11)
[   22.847489] ACPI: PCI Interrupt Link [LNKB] (IRQs 5 9 10 *11)
[   22.978557] ACPI: PCI Interrupt Link [LNKC] (IRQs 5 9 *10 11)
[   23.097186] ACPI: PCI Interrupt Link [LNKD] (IRQs 5 *9 10 11)
[   23.225691] ACPI: Enabled 2 GPEs in block 00 to 07
[   23.349562] vgaarb: setting as boot device: PCI:0000:00:02.0
[   23.486637] vgaarb: device added: PCI:0000:00:02.0,decodes=io+mem,owns=io+mem,locks=none
[   23.651338] vgaarb: loaded
[   23.694611] vgaarb: bridge control possible 0000:00:02.0
[   23.818918] SCSI subsystem initialized
[   23.894835] ACPI: bus type USB registered
[   23.973643] usbcore: registered new interface driver usbfs
[   24.027792] usbcore: registered new interface driver hub
[   24.158725] usbcore: registered new device driver usb
[   24.298582] PCI: Using ACPI for IRQ routing
[   24.401515] NetLabel: Initializing
[   24.484709] NetLabel:  domain hash size = 128
[   24.593242] NetLabel:  protocols = UNLABELED CIPSOv4
[   24.706757] NetLabel:  unlabeled traffic allowed by default
[   24.743103] amd_nb: Cannot enumerate AMD northbridges
[   24.845808] clocksource: Switched to clocksource kvm-clock
[   24.946548] AppArmor: AppArmor Filesystem Enabled
[   25.090876] pnp: PnP ACPI init
[   25.167074] pnp: PnP ACPI: found 3 devices
[   25.285490] clocksource: acpi_pm: mask: 0xffffff max_cycles: 0xffffff, max_idle_ns: 2085701024 ns
[   25.520192] NET: Registered protocol family 2
[   25.641533] TCP established hash table entries: 8192 (order: 4, 65536 bytes)
[   25.803454] TCP bind hash table entries: 8192 (order: 5, 131072 bytes)
[   25.955463] TCP: Hash tables configured (established 8192 bind 8192)
[   26.140998] UDP hash table entries: 512 (order: 2, 16384 bytes)
[   26.303564] UDP-Lite hash table entries: 512 (order: 2, 16384 bytes)
[   26.491107] NET: Registered protocol family 1
[   26.627090] pci 0000:00:00.0: Limiting direct PCI/PCI transfers
[   26.781057] pci 0000:00:01.0: Activating ISA DMA hang workarounds
[   26.930924] Unpacking initramfs...
[   27.204117] Freeing initrd memory: 15228K
[   27.317118] RAPL PMU detected, API unit is 2^-32 Joules, 3 fixed counters 10737418240 ms ovfl timer
[   27.573370] hw unit of domain pp0-core 2^-0 Joules
[   27.704620] hw unit of domain package 2^-0 Joules
[   27.822126] hw unit of domain pp1-gpu 2^-0 Joules
[   27.905228] platform rtc_cmos: registered platform RTC device (no PNP device found)
[   28.086545] Scanning for low memory corruption every 60 seconds
[   28.266186] audit: initializing netlink subsys (disabled)
[   28.421265] audit: type=2000 audit(1514419634.047:1): initialized
[   28.578547] Initialise system trusted keyring
[   28.691941] HugeTLB registered 2 MB page size, pre-allocated 0 pages
[   28.811432] zbud: loaded
[   28.889003] VFS: Disk quotas dquot_6.6.0
[   28.995303] tsc: Refined TSC clocksource calibration: 3393.240 MHz
[   29.147885] clocksource: tsc: mask: 0xffffffffffffffff max_cycles: 0x30e95cb50fe, max_idle_ns: 440795321248 ns
[   29.147987] VFS: Dquot-cache hash table entries: 512 (order 0, 4096 bytes)
[   29.148199] squashfs: version 4.0 (2009/01/31) Phillip Lougher
[   29.148390] fuse init (API version 7.23)
[   29.148497] Key type big_key registered
[   29.148515] Allocating IMA MOK and blacklist keyrings.
[   29.148700] Key type asymmetric registered
[   29.148702] Asymmetric key parser 'x509' registered
[   29.148730] Block layer SCSI generic (bsg) driver version 0.4 loaded (major 249)
[   29.148754] io scheduler noop registered
[   29.148756] io scheduler deadline registered (default)
[   29.148779] io scheduler cfq registered
[   29.148846] pci_hotplug: PCI Hot Plug PCI Core version: 0.5
[   29.148849] pciehp: PCI Express Hot Plug Controller Driver version: 0.4
[   29.148962] ACPI: AC Adapter [AC] (on-line)
[   29.149006] input: Power Button as /devices/LNXSYSTM:00/LNXPWRBN:00/input/input0
[   29.149009] ACPI: Power Button [PWRF]
[   29.149069] input: Sleep Button as /devices/LNXSYSTM:00/LNXSLPBN:00/input/input1
[   29.149070] ACPI: Sleep Button [SLPF]
[   29.149184] GHES: HEST is not enabled!
[   29.149257] Serial: 8250/16550 driver, 32 ports, IRQ sharing enabled
[   29.446665] 00:02: ttyS0 at I/O 0x3f8 (irq = 4, base_baud = 115200) is a 16550A
[   29.631614] Linux agpgart interface v0.103
[   29.639777] loop: module loaded
[   29.640197] scsi host0: ata_piix
[   29.640243] scsi host1: ata_piix
[   29.640267] ata1: PATA max UDMA/33 cmd 0x1f0 ctl 0x3f6 bmdma 0xd000 irq 14
[   29.640268] ata2: PATA max UDMA/33 cmd 0x170 ctl 0x376 bmdma 0xd008 irq 15
[   29.640328] libphy: Fixed MDIO Bus: probed
[   29.640330] tun: Universal TUN/TAP device driver, 1.6
[   29.640330] tun: (C) 1999-2004 Max Krasnyansky <maxk@qualcomm.com>
[   29.640619] PPP generic driver version 2.4.2
[   29.640662] ehci_hcd: USB 2.0 'Enhanced' Host Controller (EHCI) Driver
[   29.640667] ehci-pci: EHCI PCI platform driver
[   29.640675] ehci-platform: EHCI generic platform driver
[   29.640681] ohci_hcd: USB 1.1 'Open' Host Controller (OHCI) Driver
[   29.640683] ohci-pci: OHCI PCI platform driver
[   29.640690] ohci-platform: OHCI generic platform driver
[   29.640695] uhci_hcd: USB Universal Host Controller Interface driver
[   29.640738] i8042: PNP: PS/2 Controller [PNP0303:PS2K,PNP0f03:PS2M] at 0x60,0x64 irq 1,12
[   29.720077] serio: i8042 KBD port at 0x60,0x64 irq 1
[   29.720083] serio: i8042 AUX port at 0x60,0x64 irq 12
[   29.720206] mousedev: PS/2 mouse device common for all mice
[   29.720463] rtc_cmos rtc_cmos: rtc core: registered rtc_cmos as rtc0
[   29.720518] rtc_cmos rtc_cmos: alarms up to one day, 114 bytes nvram
[   29.720523] i2c /dev entries driver
[   29.720568] device-mapper: uevent: version 1.0.3
[   29.720611] device-mapper: ioctl: 4.34.0-ioctl (2015-10-28) initialised: dm-devel@redhat.com
[   29.720624] ledtrig-cpu: registered to indicate activity on CPUs
[   29.720841] NET: Registered protocol family 10
[   29.720953] NET: Registered protocol family 17
[   29.720962] Key type dns_resolver registered
[   29.794859] microcode: CPU0 sig=0x306a9, pf=0x2, revision=0x19
[   29.794923] microcode: CPU1 sig=0x306a9, pf=0x2, revision=0x19
[   29.794995] microcode: Microcode Update Driver: v2.01 <tigran@aivazian.fsnet.co.uk>, Peter Oruba
[   29.795131] registered taskstats version 1
[   29.795145] Loading compiled-in X.509 certificates
[   29.795763] Loaded X.509 cert 'Build time autogenerated kernel key: 8537ad706776f532219d7336343c968b9f82f7c7'
[   29.795781] zswap: loaded using pool lzo/zbud
[   29.797437] Key type trusted registered
[   29.799365] Key type encrypted registered
[   29.799370] AppArmor: AppArmor sha1 policy hashing enabled
[   29.799372] ima: No TPM chip found, activating TPM-bypass!
[   29.799386] evm: HMAC attrs: 0x1
[   29.799597]   Magic number: 13:203:103
[   29.850263] rtc_cmos rtc_cmos: setting system clock to 2017-12-28 00:07:33 UTC (1514419653)
[   29.850398] BIOS EDD facility v0.16 2004-Jun-25, 0 devices found
[   29.850399] EDD information not available.
[   30.206322] input: AT Translated Set 2 keyboard as /devices/platform/i8042/serio0/input/input2
[   36.687753] Freeing unused kernel memory: 1492K
[   36.810930] Write protecting the kernel read-only data: 14336k
[   36.893752] Freeing unused kernel memory: 1744K
[   36.993097] Freeing unused kernel memory: 108K
Loading, please [   37.071404] random: systemd-udevd: uninitialized urandom read (16 bytes read, 4 bits of entropy available)
wait...
startin[   37.071838] random: udevadm: uninitialized urandom read (16 bytes read, 4 bits of entropy available)
g version 229
[   37.071853] random: udevadm: uninitialized urandom read (16 bytes read, 4 bits of entropy available)
[   37.077468] random: udevadm: uninitialized urandom read (16 bytes read, 4 bits of entropy available)
[   37.077495] random: udevadm: uninitialized urandom read (16 bytes read, 4 bits of entropy available)
[   37.077583] random: udevadm: uninitialized urandom read (16 bytes read, 4 bits of entropy available)
[   37.077620] random: udevadm: uninitialized urandom read (16 bytes read, 4 bits of entropy available)
[   37.077653] random: udevadm: uninitialized urandom read (16 bytes read, 4 bits of entropy available)
[   37.077685] random: udevadm: uninitialized urandom read (16 bytes read, 4 bits of entropy available)
[   37.077720] random: udevadm: uninitialized urandom read (16 bytes read, 4 bits of entropy available)
[   39.096439] Fusion MPT base driver 3.04.20
[   39.181571] Copyright (c) 1999-2008 LSI Corporation
[   39.310658] e1000: Intel(R) PRO/1000 Network Driver - version 7.3.21-k8-NAPI
[   39.441736] e1000: Copyright (c) 1999-2006 Intel Corporation.
[   39.507024] input: ImExPS/2 Generic Explorer Mouse as /devices/platform/i8042/serio1/input/input4
[   39.549497] AVX version of gcm_enc/dec engaged.
[   39.566477] AES CTR mode by8 optimization enabled
[   39.580522] Fusion MPT SPI Host driver 3.04.20
[   39.905423] e1000 0000:00:03.0 eth0: (PCI:33MHz:32-bit) 02:63:8e:2c:ef:cd
[   40.099754] e1000 0000:00:03.0 eth0: Intel(R) PRO/1000 Network Connection
[   40.293025] mptbase: ioc0: Initiating bringup
[   40.293616] e1000 0000:00:03.0 enp0s3: renamed from eth0
[   40.622196] ioc0: LSI53C1030 A0: Capabilities={Initiator}
[   40.924215] scsi host2: ioc0: LSI53C1030 A0, FwRev=00000000h, Ports=1, MaxQ=256, IRQ=20
[   41.275030] scsi 2:0:0:0: Direct-Access     VBOX     HARDDISK         1.0  PQ: 0 ANSI: 5
[   41.485125] scsi target2:0:0: Beginning Domain Validation
[   41.577743] scsi target2:0:0: Domain Validation skipping write tests
[   41.649584] scsi target2:0:0: Ending Domain Validation
[   41.776045] scsi target2:0:0: asynchronous
[   41.872728] scsi 2:0:1:0: Direct-Access     VBOX     HARDDISK         1.0  PQ: 0 ANSI: 5
[   42.134419] scsi target2:0:1: Beginning Domain Validation
[   42.283889] scsi target2:0:1: Domain Validation skipping write tests
[   42.363364] scsi target2:0:1: Ending Domain Validation
[   42.422042] floppy0: no floppy controllers found
[   42.524080] scsi target2:0:1: asynchronous
[   42.597593] sd 2:0:0:0: [sda] 20971520 512-byte logical blocks: (10.7 GB/10.0 GiB)
[   42.773807] sd 2:0:0:0: Attached scsi generic sg0 type 0
[   42.924659] sd 2:0:1:0: Attached scsi generic sg1 type 0
[   42.924725] sd 2:0:0:0: [sda] Write Protect is off
[   43.200156] sd 2:0:1:0: [sdb] 20480 512-byte logical blocks: (10.5 MB/10.0 MiB)
[   43.328367] sd 2:0:0:0: [sda] Incomplete mode parameter data
[   43.411150] sd 2:0:0:0: [sda] Assuming drive cache: write through
[   43.414895] sd 2:0:1:0: [sdb] Write Protect is off
[   43.414973] sd 2:0:1:0: [sdb] Incomplete mode parameter data
[   43.414974] sd 2:0:1:0: [sdb] Assuming drive cache: write through
[   43.608019] sd 2:0:1:0: [sdb] Attached SCSI disk
[   43.795212]  sda: sda1
[   43.866139] sd 2:0:0:0: [sda] Attached SCSI disk
Begin: Loading e[   45.320927] md: linear personality registered for level -1
ssential drivers[   45.476120] md: multipath personality registered for level -4
 ... [   45.628145] md: raid0 personality registered for level 0
[   45.729327] md: raid1 personality registered for level 1
[   45.934095] raid6: sse2x1   gen()  9549 MB/s
[   46.114117] raid6: sse2x1   xor()  7655 MB/s
[   46.314134] raid6: sse2x2   gen() 11977 MB/s
[   46.482160] raid6: sse2x2   xor()  8536 MB/s
[   46.646166] raid6: sse2x4   gen() 14108 MB/s
[   46.826199] raid6: sse2x4   xor() 10114 MB/s
[   46.934047] raid6: using algorithm sse2x4 gen() 14108 MB/s
[   46.979548] raid6: .... xor() 10114 MB/s, rmw enabled
[   47.113584] raid6: using ssse3x2 recovery algorithm
[   47.252351] xor: automatically using best checksumming function:
[   47.470288]    avx       : 22145.000 MB/sec
[   47.534416] async_tx: api initialized (async)
[   47.656042] md: raid6 personality registered for level 6
[   47.747669] md: raid5 personality registered for level 5
[   47.810673] md: raid4 personality registered for level 4
[   47.912974] md: raid10 personality registered for level 10
done.
Begin: Running /scripts/init-p[   48.035254] Btrfs loaded
remount ... done.
Begin: Mounting root file system ... Begin: Running /scripts/local-top ... do[   48.212950] EXT4-fs (sda1): INFO: recovery required on readonly filesystem
ne.
Begin: Runn[   48.412865] EXT4-fs (sda1): write access will be enabled during recovery
ing /scripts/local-premount ... Scanning for Btrfs filesystems
done.
Warning: fsck not present, so skipping root file system
[   49.171018] EXT4-fs (sda1): orphan cleanup on readonly fs
[   49.325452] EXT4-fs (sda1): 1 orphan inode deleted
[   49.465885] EXT4-fs (sda1): recovery complete
[   49.593536] EXT4-fs (sda1): mounted filesystem with ordered data mode. Opts: (null)
done.
[   49.894634] random: nonblocking pool is initialized
Begin: Running /scripts/local-bottom ... done.
Begin: Running /scripts/init-bottom ... done.
[   51.392994] systemd[1]: systemd 229 running in system mode. (+PAM +AUDIT +SELINUX +IMA +APPARMOR +SMACK +SYSVINIT +UTMP +LIBCRYPTSETUP +GCRYPT +GNUTLS +ACL +XZ -LZ4 +SECCOMP +BLKID +ELFUTILS +KMOD -IDN)
[   51.544220] systemd[1]: Detected virtualization oracle.
[   51.654282] systemd[1]: Detected architecture x86-64.

Welcome to [1mUbuntu 16.04.3 LTS[0m!

[   52.145128] systemd[1]: Set hostname to <ubuntu-xenial>.
[   54.195476] systemd[1]: Reached target Swap.
[[0;32m  OK  [0m] Reached target Swap.
[   54.350424] systemd[1]: Started Trigger resolvconf update for networkd DNS.
[[0;32m  OK  [0m] Started Trigger resolvconf update for networkd DNS.
[   54.554441] systemd[1]: Listening on Journal Socket (/dev/log).
[[0;32m  OK  [0m] Listening on Journal Socket (/dev/log).
[   54.698613] systemd[1]: Created slice System Slice.
[[0;32m  OK  [0m] Created slice System Slice.
[   54.855597] systemd[1]: Listening on Device-mapper event daemon FIFOs.
[[0;32m  OK  [0m] Listening on Device-mapper event daemon FIFOs.
[   55.042808] systemd[1]: Set up automount Arbitrary Executable File Formats File System Automount Point.
[[0;32m  OK  [0m] Set up automount Arbitrary Executab...ats File System Automount Point.
[   55.282652] systemd[1]: Reached target User and Group Name Lookups.
[[0;32m  OK  [0m] Reached target User and Group Name Lookups.
[   55.440816] systemd[1]: Listening on udev Control Socket.
[[0;32m  OK  [0m] Listening on udev Control Socket.
[   55.598123] systemd[1]: Listening on Journal Audit Socket.
[[0;32m  OK  [0m] Listening on Journal Audit Socket.
[   55.826729] systemd[1]: Listening on /dev/initctl Compatibility Named Pipe.
[[0;32m  OK  [0m] Listening on /dev/initctl Compatibility Named Pipe.
[   56.094279] systemd[1]: Listening on udev Kernel Socket.
[[0;32m  OK  [0m] Listening on udev Kernel Socket.
[   56.302315] systemd[1]: Listening on LVM2 poll daemon socket.
[[0;32m  OK  [0m] Listening on LVM2 poll daemon socket.
[   56.478170] systemd[1]: Listening on LVM2 metadata daemon socket.
[[0;32m  OK  [0m] Listening on LVM2 metadata daemon socket.
[   56.646458] systemd[1]: Created slice system-serial\x2dgetty.slice.
[[0;32m  OK  [0m] Created slice system-serial\x2dgetty.slice.
[   56.786487] systemd[1]: Created slice User and Session Slice.
[[0;32m  OK  [0m] Created slice User and Session Slice.
[   56.994203] systemd[1]: Reached target Slices.
[[0;32m  OK  [0m] Reached target Slices.
[   57.146334] systemd[1]: Reached target Encrypted Volumes.
[[0;32m  OK  [0m] Reached target Encrypted Volumes.
[   57.322478] systemd[1]: Started Forward Password Requests to Wall Directory Watch.
[[0;32m  OK  [0m] Started Forward Password Requests to Wall Directory Watch.
[   57.530498] systemd[1]: Listening on Journal Socket.
[[0;32m  OK  [0m] Listening on Journal Socket.
[   57.686267] systemd[1]: Starting Uncomplicated firewall...
         Starting Uncomplicated firewall...
[   57.894292] systemd[1]: Starting Monitoring of LVM2 mirrors, snapshots etc. using dmeventd or progress polling...
         Starting Monitoring of LVM2 mirrors... dmeventd or progress polling...
[   58.098283] systemd[1]: Mounting POSIX Message Queue File System...
         Mounting POSIX Message Queue File System...
[   58.386013] systemd[1]: Starting Load Kernel Modules...
[   58.492377] Loading iSCSI transport class v2.0-870.
         Starting Load Kernel Modules...
[   58.648327] iscsi: registered transport (tcp)
[   58.746310] systemd[1]: Mounting Huge Pages File System...
         Mounting Huge Pages File System...
[   58.810376] systemd[1]: Starting Set console keymap...
         Starting Set console keymap...
[   58.950091] systemd[1]: Starting Create list of required static device nodes for the current kernel...
         Starting Create list of required st... nodes for the current kernel...
[   59.158461] systemd[1]: Mounting Debug File System...
         Mounting Debug File System...
[   59.574050] systemd[1]: Starting Remount Root and Kernel File Systems...
         Starting Remount Root and Kernel File S[   59.662347] EXT4-fs (sda1): re-mounted. Opts: (null)
ystems...
[   59.767142] iscsi: registered transport (iser)
[   59.873928] systemd[1]: Starting Nameserver information manager...
         Starting Nameserver information manager...
[   60.070293] systemd[1]: Listening on Syslog Socket.
[[0;32m  OK  [0m] Listening on Syslog Socket.
[   60.274114] systemd[1]: Starting Journal Service...
         Starting Journal Service...
[   60.479329] systemd[1]: Mounted POSIX Message Queue File System.
[[0;32m  OK  [0m] Mounted POSIX Message Queue File System.
[   60.722354] systemd[1]: Mounted Debug File System.
[[0;32m  OK  [0m] Mounted Debug File System.
[   60.882213] systemd[1]: Mounted Huge Pages File System.
[[0;32m  OK  [0m] Mounted Huge Pages File System.
[   61.014351] systemd[1]: Started Journal Service.
[[0;32m  OK  [0m] Started Journal Service.
[[0;32m  OK  [0m] Started Uncomplicated firewall.
[[0;32m  OK  [0m] Started Load Kernel Modules.
[[0;32m  OK  [0m] Started Set console keymap.
[[0;32m  OK  [0m] Started Create list of required sta...ce nodes for the current kernel.
[[0;32m  OK  [0m] Started Remount Root and Kernel File Systems.
[[0;32m  OK  [0m] Started LVM2 metadata daemon.
         Starting udev Coldplug all Devices...
         Starting Initial cloud-init job (pre-networking)...
         Starting Load/Save Random Seed...
         Starting Create Static Device Nodes in /dev...
         Starting Apply Kernel Variables...
         Mounting FUSE Control File System...
         Starting Flush Journal to Persistent Storage...
[[0;32m  OK  [0m] Mounted FUSE Control File System.
[[0;32m  OK  [0m] Started Nameserver information manager.
[[0;32m  OK  [0m] Started Load/Save Random Seed.
[[0;32m  OK  [0m] Started Apply Kernel Variables.
[[0;32m  OK  [0m] Started Monitoring of LVM2 mirrors,...ng dmeventd or progress polling.
[[0;32m  OK  [0m] Started udev Coldplug all Devices.
[[0;32m  OK  [0m] Started Create Static Device Nodes in /dev.
         Starting udev Kernel Device Manager...
[[0;32m  OK  [0m] Started Flush Journal to Persistent Storage.
[[0;32m  OK  [0m] Started udev Kernel Device Manager.
[[0;32m  OK  [0m] Started Dispatch Password Requests to Console Directory Watch.
[[0;32m  OK  [0m] Reached target Local File Systems (Pre).
[[0;32m  OK  [0m] Reached target Local File Systems.
         Starting Set console font and keymap...
         Starting LSB: AppArmor initialization...
         Starting Tell Plymouth To Write Out Runtime Data...
         Starting Create Volatile Files and Directories...
[[0;32m  OK  [0m] Found device /dev/ttyS0.
[[0;32m  OK  [0m] Started Create Volatile Files and Directories.
         Starting Update UTMP about System Boot/Shutdown...
[[0;32m  OK  [0m] Reached target System Time Synchronized.
[[0;32m  OK  [0m] Started Tell Plymouth To Write Out Runtime Data.
[[0;32m  OK  [0m] Started Update UTMP about System Boot/Shutdown.
[[0;32m  OK  [0m] Found device 82540EM Gigabit Ethern...r (PRO/1000 MT Desktop Adapter).
[[0;32m  OK  [0m] Started Set console font and keymap.
[[0;32m  OK  [0m] Created slice system-getty.slice.
[[0;32m  OK  [0m] Listening on Load/Save RF Kill Switch Status /dev/rfkill Watch.
[[0;32m  OK  [0m] Started LSB: AppArmor initialization.
[   45.423792] cloud-init[430]: Cloud-init v. 17.1 running 'init-local' at Thu, 28 Dec 2017 00:08:12 +0000. Up 44.76 seconds.
[[0;32m  OK  [0m] Started Initial cloud-init job (pre-networking).
[[0;32m  OK  [0m] Reached target Network (Pre).
         Starting Raise network interfaces...
[[0;32m  OK  [0m] Started ifup for enp0s3.
[[0;32m  OK  [0m] Started Raise network interfaces.
         Starting Initial cloud-init job (metadata service crawler)...
[[0;32m  OK  [0m] Reached target Network.
[   47.015723] cloud-init[969]: Cloud-init v. 17.1 running 'init' at Thu, 28 Dec 2017 00:08:14 +0000. Up 46.31 seconds.
[[0;32m  OK  [0m] Started Initial cloud-init job (metadata service crawler).
[   47.134703] cloud-init[969]: ci-info: +++++++++++++++++++++++++++++++++++++Net device info++++++++++++++++++++++++++++++++++++++
[   47.344941] cloud-init[969]: ci-info: +--------+------+----------------------------+---------------+-------+-------------------+
[   47.468986] cloud-init[969]: ci-info: | Device |  Up  |          Address           |      Mask     | Scope |     Hw-Address    |
[   47.604493] cloud-init[969]: ci-info: +--------+------+----------------------------+---------------+-------+-------------------+
[   47.736510] cloud-init[969]: ci-info: | enp0s3 | True |         10.0.2.15          | 255.255.255.0 |   .   | 02:63:8e:2c:ef:cd |
[[0;32m  OK  [0m] Reached target System Initialization.
         Starting Socket activation for snappy daemon.
[[0;32m  OK  [0m] Listening on UUID daemon activation socket.
[   47.895459] cloud-init[969]: ci-info: | enp0s3 | True | fe80::63:8eff:fe2c:efcd/64 |       .       |  link | 02:63:8e:2c:ef:cd |
[   48.208538] [cloud-init[0;32m  OK  [0m[969]: ] ci-info: |   lo   | True |         127.0.0.1          |   255.0.0.0   |   .   |         .         |Started Daily Cleanup of Temporary Directories.

[   48.209399] [cloud-init[0;32m  OK  [0m[969]: ] ci-info: |   lo   | True |          ::1/128           |       .       |  host |         .         |Listening on ACPID Listen Socket.

[   48.596627] [cloud-init[0;32m  OK  [0m[969]: ] ci-info: +--------+------+----------------------------+---------------+-------+-------------------+Listening on D-Bus System Message Bus Socket.

[   48.597554] cloud-init[969]: ci-info: +++++++++++++++++++++++++++Route IPv4 info++++++++++++++++++++++++++++
[   48.920626] [cloud-init[0;32m  OK  [0m[969]: ] ci-info: +-------+-------------+----------+---------------+-----------+-------+Started ACPI Events Check.

[   49.087860] [cloud-init[0;32m  OK  [0m[969]: ] ci-info: | Route | Destination | Gateway  |    Genmask    | Interface | Flags |Reached target Paths.

[   49.088804] cloud-init[969]: ci-info: +-------+-------------+----------+---------------+-----------+-------+
[   49.316281] [cloud-init[0;32m  OK  [0m[969]: ] ci-info: |   0   |   0.0.0.0   | 10.0.2.2 |    0.0.0.0    |   enp0s3  |   UG  |Started Timer to automatically refresh installed snaps.

         Starting LXD - unix socket.
[[0;32m  OK  [0m] Reached target Network is Online.
[[0;32m  OK  [0m] Started Daily apt download activities.
[[0;32m  OK  [0m] Started Daily apt upgrade and clean activities.
[[0;32m  OK  [0m] Reached target Timers.
[   49.316953] cloud-init[969]: ci-info: |   1   |   10.0.2.0  | 0.0.0.0  | 255.255.255.0 |   enp0s3  |   U   |
[   49.880798]          cloud-initStarting iSCSI initiator daemon (iscsid)...[969]: 
ci-info: +-------+-------------+----------+---------------+-----------+-------+
[[0;32m  OK  [0m] Reached target Cloud-config availability.
[[0;32m  OK  [0m] Listening on Socket activation for snappy daemon.
[[0;32m  OK  [0m] Listening on LXD - unix socket.
[[0;32m  OK  [0m] Reached target Sockets.
[[0;32m  OK  [0m] Reached target Basic System.
[[0;32m  OK  [0m] Started ACPI event daemon.
[[0;32m  OK  [0m] Started D-Bus System Message Bus.
[[0;32m  OK  [0m] Started Deferred execution scheduler.
[[0;32m  OK  [0m] Started FUSE filesystem for LXC.
         Starting LSB: Record successful boot for GRUB...
         Starting Accounts Service...
         Starting /etc/rc.local Compatibility...
[[0;32m  OK  [0m] Started Unattended Upgrades Shutdown.
         Starting Apply the settings specified in cloud-config...
         Starting Login Service...
         Starting LSB: MD monitoring daemon...
         Starting OpenBSD Secure Shell server...
         Starting System Logging Service...
         Starting LXD - container startup/shutdown...
[[0;32m  OK  [0m] Started Regular background program processing daemon.
[   51.507559] cloud-init[1052]: Cloud-init v. 17.1 running 'modules:config' at Thu, 28 Dec 2017 00:08:19 +0000. Up 51.26 seconds.
         Starting Snappy daemon...
[[0;32m  OK  [0m] Started System Logging Service.
[[0;32m  OK  [0m] Started iSCSI initiator daemon (iscsid).
[[0;32m  OK  [0m] Started /etc/rc.local Compatibility.
[[0;32m  OK  [0m] Started Apply the settings specified in cloud-config.
[[0;32m  OK  [0m] Started OpenBSD Secure Shell server.
         Starting Authenticate and Authorize Users to Run Privileged Tasks...
         Starting Login to default iSCSI targets...
[[0;32m  OK  [0m] Started LSB: Record successful boot for GRUB.
[[0;32m  OK  [0m] Started LSB: MD monitoring daemon.
[[0;32m  OK  [0m] Started Login Service.
[[0;32m  OK  [0m] Started Authenticate and Authorize Users to Run Privileged Tasks.
[[0;32m  OK  [0m] Started Accounts Service.
[[0;32m  OK  [0m] Started Login to default iSCSI targets.
[[0;32m  OK  [0m] Reached target Remote File Systems (Pre).
[[0;32m  OK  [0m] Reached target Remote File Systems.
         Starting Permit User Sessions...
         Starting LSB: daemon to balance interrupts for SMP systems...
         Starting LSB: automatic crash report generation...
         Starting LSB: Set the CPU Frequency Scaling governor to "ondemand"...
         Starting LSB: VirtualBox Linux Additions...
[[0;32m  OK  [0m] Started Snappy daemon.
[[0;32m  OK  [0m] Started LXD - container startup/shutdown.
[[0;32m  OK  [0m] Started Permit User Sessions.
[[0;32m  OK  [0m] Started LSB: Set the CPU Frequency Scaling governor to "ondemand".
[[0;32m  OK  [0m] Started LSB: daemon to balance interrupts for SMP systems.
[[0;32m  OK  [0m] Started LSB: automatic crash report generation.
[[0;32m  OK  [0m] Started LSB: VirtualBox Linux Additions.
         Starting Terminate Plymouth Boot Screen...
         Starting Hold until boot process finishes up...
[[0;32m  OK  [0m] Started Terminate Plymouth Boot Screen.
[[0;32m  OK  [0m] Started Hold until boot process finishes up.
[[0;32m  OK  [0m] Started Serial Getty on ttyS0.
         Starting Set console scheme...
[[0;32m  OK  [0m] Started Getty on tty1.
[[0;32m  OK  [0m] Reached target Login Prompts.
[[0;32m  OK  [0m] Reached target Multi-User System.
[[0;32m  OK  [0m] Reached target Graphical Interface.
         Starting Execute cloud user/final scripts...
         Starting Update UTMP about System Runlevel Changes...
[[0;32m  OK  [0m] Started Set console scheme.
[[0;32m  OK  [0m] Started Update UTMP about System Runlevel Changes.
[   55.011586] cloud-init[1192]: Cloud-init v. 17.1 running 'modules:final' at Thu, 28 Dec 2017 00:08:22 +0000. Up 54.86 seconds.
[   55.156820] [cloud-init[0;32m  OK  [0m[1192]: ] Cloud-init v. 17.1 finished at Thu, 28 Dec 2017 00:08:22 +0000. Datasource DataSourceNoCloud [seed=/dev/sdb][dsmode=net].  Up 55.00 secondsStarted Execute cloud user/final scripts.

[[0;32m  OK  [0m] Reached target Cloud-init target.
         Starting Daily apt download activities...
[[0;32m  OK  [0m] Created slice User Slice of ubuntu.
         Starting User Manager for UID 1000...
[[0;32m  OK  [0m] Started Session 1 of user ubuntu.
[[0;32m  OK  [0m] Started User Manager for UID 1000.

Ubuntu 16.04.3 LTS ubuntu-xenial ttyS0

ubuntu-xenial login: 