[    0.000000] Initializing cgroup subsys cpuset
[    0.000000] Initializing cgroup subsys cpu
[    0.000000] Initializing cgroup subsys cpuacct
[    0.000000] Linux version 4.4.0-104-generic (buildd@lgw01-amd64-022) (gcc version 5.4.0 20160609 (Ubuntu 5.4.0-6ubuntu1~16.04.5) ) #127-Ubuntu SMP Mon Dec 11 12:16:42 UTC 2017 (Ubuntu 4.4.0-104.127-generic 4.4.98)
[    0.000000] Command line: BOOT_IMAGE=/boot/vmlinuz-4.4.0-104-generic root=UUID=743b1402-d445-494c-af0b-749040bb33e4 ro console=tty1 console=ttyS0
[    0.000000] KERNEL supported cpus:
[    0.000000]   Intel GenuineIntel
[    0.000000]   AMD AuthenticAMD
[    0.000000]   Centaur CentaurHauls
[    0.000000] x86/fpu: xstate_offset[2]:  576, xstate_sizes[2]:  256
[    0.000000] x86/fpu: Supporting XSAVE feature 0x01: 'x87 floating point registers'
[    0.000000] x86/fpu: Supporting XSAVE feature 0x02: 'SSE registers'
[    0.000000] x86/fpu: Supporting XSAVE feature 0x04: 'AVX registers'
[    0.000000] x86/fpu: Enabled xstate features 0x7, context size is 832 bytes, using 'standard' format.
[    0.000000] x86/fpu: Using 'lazy' FPU context switches.
[    0.000000] e820: BIOS-provided physical RAM map:
[    0.000000] BIOS-e820: [mem 0x0000000000000000-0x000000000009fbff] usable
[    0.000000] BIOS-e820: [mem 0x000000000009fc00-0x000000000009ffff] reserved
[    0.000000] BIOS-e820: [mem 0x00000000000f0000-0x00000000000fffff] reserved
[    0.000000] BIOS-e820: [mem 0x0000000000100000-0x000000003ffeffff] usable
[    0.000000] BIOS-e820: [mem 0x000000003fff0000-0x000000003fffffff] ACPI data
[    0.000000] BIOS-e820: [mem 0x00000000fec00000-0x00000000fec00fff] reserved
[    0.000000] BIOS-e820: [mem 0x00000000fee00000-0x00000000fee00fff] reserved
[    0.000000] BIOS-e820: [mem 0x00000000fffc0000-0x00000000ffffffff] reserved
[    0.000000] NX (Execute Disable) protection: active
[    0.000000] SMBIOS 2.5 present.
[    0.000000] Hypervisor detected: KVM
[    0.000000] e820: last_pfn = 0x3fff0 max_arch_pfn = 0x400000000
[    0.000000] MTRR: Disabled
[    0.000000] x86/PAT: MTRRs disabled, skipping PAT initialization too.
[    0.000000] CPU MTRRs all blank - virtualized system.
[    0.000000] x86/PAT: Configuration [0-7]: WB  WT  UC- UC  WB  WT  UC- UC  
[    0.000000] found SMP MP-table at [mem 0x0009fff0-0x0009ffff] mapped at [ffff88000009fff0]
[    0.000000] Scanning 1 areas for low memory corruption
[    0.000000] RAMDISK: [mem 0x36232000-0x37110fff]
[    0.000000] ACPI: Early table checksum verification disabled
[    0.000000] ACPI: RSDP 0x00000000000E0000 000024 (v02 VBOX  )
[    0.000000] ACPI: XSDT 0x000000003FFF0030 00003C (v01 VBOX   VBOXXSDT 00000001 ASL  00000061)
[    0.000000] ACPI: FACP 0x000000003FFF00F0 0000F4 (v04 VBOX   VBOXFACP 00000001 ASL  00000061)
[    0.000000] ACPI: DSDT 0x000000003FFF0470 0021FF (v02 VBOX   VBOXBIOS 00000002 INTL 20100528)
[    0.000000] ACPI: FACS 0x000000003FFF0200 000040
[    0.000000] ACPI: FACS 0x000000003FFF0200 000040
[    0.000000] ACPI: APIC 0x000000003FFF0240 00005C (v02 VBOX   VBOXAPIC 00000001 ASL  00000061)
[    0.000000] ACPI: SSDT 0x000000003FFF02A0 0001CC (v01 VBOX   VBOXCPUT 00000002 INTL 20100528)
[    0.000000] No NUMA configuration found
[    0.000000] Faking a node at [mem 0x0000000000000000-0x000000003ffeffff]
[    0.000000] NODE_DATA(0) allocated [mem 0x3ffeb000-0x3ffeffff]
[    0.000000] kvm-clock: Using msrs 4b564d01 and 4b564d00
[    0.000000] kvm-clock: cpu 0, msr 0:3ffe3001, primary cpu clock
[    0.000000] kvm-clock: using sched offset of 3322656570 cycles
[    0.000000] clocksource: kvm-clock: mask: 0xffffffffffffffff max_cycles: 0x1cd42e4dffb, max_idle_ns: 881590591483 ns
[    0.000000] Zone ranges:
[    0.000000]   DMA      [mem 0x0000000000001000-0x0000000000ffffff]
[    0.000000]   DMA32    [mem 0x0000000001000000-0x000000003ffeffff]
[    0.000000]   Normal   empty
[    0.000000]   Device   empty
[    0.000000] Movable zone start for each node
[    0.000000] Early memory node ranges
[    0.000000]   node   0: [mem 0x0000000000001000-0x000000000009efff]
[    0.000000]   node   0: [mem 0x0000000000100000-0x000000003ffeffff]
[    0.000000] Initmem setup node 0 [mem 0x0000000000001000-0x000000003ffeffff]
[    0.000000] ACPI: PM-Timer IO Port: 0x4008
[    0.000000] IOAPIC[0]: apic_id 2, version 32, address 0xfec00000, GSI 0-23
[    0.000000] ACPI: INT_SRC_OVR (bus 0 bus_irq 0 global_irq 2 dfl dfl)
[    0.000000] ACPI: INT_SRC_OVR (bus 0 bus_irq 9 global_irq 9 high level)
[    0.000000] Using ACPI (MADT) for SMP configuration information
[    0.000000] smpboot: Allowing 2 CPUs, 0 hotplug CPUs
[    0.000000] PM: Registered nosave memory: [mem 0x00000000-0x00000fff]
[    0.000000] PM: Registered nosave memory: [mem 0x0009f000-0x0009ffff]
[    0.000000] PM: Registered nosave memory: [mem 0x000a0000-0x000effff]
[    0.000000] PM: Registered nosave memory: [mem 0x000f0000-0x000fffff]
[    0.000000] e820: [mem 0x40000000-0xfebfffff] available for PCI devices
[    0.000000] Booting paravirtualized kernel on KVM
[    0.000000] clocksource: refined-jiffies: mask: 0xffffffff max_cycles: 0xffffffff, max_idle_ns: 7645519600211568 ns
[    0.000000] setup_percpu: NR_CPUS:512 nr_cpumask_bits:512 nr_cpu_ids:2 nr_node_ids:1
[    0.000000] PERCPU: Embedded 33 pages/cpu @ffff88003fc00000 s98200 r8192 d28776 u1048576
[    0.000000] PV qspinlock hash table entries: 256 (order: 0, 4096 bytes)
[    0.000000] Built 1 zonelists in Node order, mobility grouping on.  Total pages: 257913
[    0.000000] Policy zone: DMA32
[    0.000000] Kernel command line: BOOT_IMAGE=/boot/vmlinuz-4.4.0-104-generic root=UUID=743b1402-d445-494c-af0b-749040bb33e4 ro console=tty1 console=ttyS0
[    0.000000] PID hash table entries: 4096 (order: 3, 32768 bytes)
[    0.000000] Memory: 997344K/1048120K available (8485K kernel code, 1295K rwdata, 3988K rodata, 1492K init, 1316K bss, 50776K reserved, 0K cma-reserved)
[    0.000000] SLUB: HWalign=64, Order=0-3, MinObjects=0, CPUs=2, Nodes=1
[    0.000000] Hierarchical RCU implementation.
[    0.000000] 	Build-time adjustment of leaf fanout to 64.
[    0.000000] 	RCU restricting CPUs from NR_CPUS=512 to nr_cpu_ids=2.
[    0.000000] RCU: Adjusting geometry for rcu_fanout_leaf=64, nr_cpu_ids=2
[    0.000000] NR_IRQS:33024 nr_irqs:440 16
[    0.000000] Console: colour VGA+ 80x25
[    0.000000] console [tty1] enabled
[    0.000000] console [ttyS0] enabled
[    0.000000] tsc: Detected 3392.294 MHz processor
[   12.481049] Calibrating delay loop (skipped) preset value.. 6784.58 BogoMIPS (lpj=13569176)
[   12.611720] pid_max: default: 32768 minimum: 301
[   12.648052] ACPI: Core revision 20150930
[   12.711456] ACPI: 2 ACPI AML tables successfully acquired and loaded
[   12.830733] Security Framework initialized
[   12.870545] Yama: becoming mindful.
[   12.943055] AppArmor: AppArmor initialized
[   13.011212] Dentry cache hash table entries: 131072 (order: 8, 1048576 bytes)
[   13.127821] Inode-cache hash table entries: 65536 (order: 7, 524288 bytes)
[   13.212455] Mount-cache hash table entries: 2048 (order: 2, 16384 bytes)
[   13.258269] Mountpoint-cache hash table entries: 2048 (order: 2, 16384 bytes)
[   13.347769] Initializing cgroup subsys io
[   13.421102] Initializing cgroup subsys memory
[   13.513146] Initializing cgroup subsys devices
[   13.593459] Initializing cgroup subsys freezer
[   13.683734] Initializing cgroup subsys net_cls
[   13.765624] Initializing cgroup subsys perf_event
[   13.829475] Initializing cgroup subsys net_prio
[   13.908159] Initializing cgroup subsys hugetlb
[   14.005201] Initializing cgroup subsys pids
[   14.083796] CPU: Physical Processor ID: 0
[   14.163223] CPU: Processor Core ID: 0
[   14.238453] mce: CPU supports 0 MCE banks
[   14.324742] Last level iTLB entries: 4KB 512, 2MB 8, 4MB 8
[   14.435242] Last level dTLB entries: 4KB 512, 2MB 32, 4MB 32, 1GB 0
[   14.558073] Freeing SMP alternatives memory: 32K
[   14.672685] ftrace: allocating 32158 entries in 126 pages
[   14.774791] smpboot: APIC(0) Converting physical 0 to logical package 0
[   14.885846] smpboot: Max logical packages: 1
[   14.959599] x2apic enabled
[   15.005950] Switched APIC routing to physical x2apic.
[   15.128532] ..TIMER: vector=0x30 apic1=0 pin1=2 apic2=-1 pin2=-1
[   15.383550] smpboot: CPU0: Intel(R) Core(TM) i7-3770 CPU @ 3.40GHz (family: 0x6, model: 0x3a, stepping: 0x9)
[   15.541318] Performance Events: unsupported p6 CPU model 58 no PMU driver, software events only.
[   15.708684] KVM setup paravirtual spinlock
[   15.804459] x86: Booting SMP configuration:
[   15.847927] .... node  #0, CPUs:      #1
[   15.947826] kvm-clock: cpu 1, msr 0:3ffe3041, secondary cpu clock
[   16.017423] mce: CPU supports 0 MCE banks
[   16.103119] x86: Booted up 1 node, 2 CPUs
[   16.174090] smpboot: Total of 2 processors activated (13569.17 BogoMIPS)
[   16.308554] devtmpfs: initialized
[   16.365357] evm: security.selinux
[   16.425951] evm: security.SMACK64
[   16.486949] evm: security.SMACK64EXEC
[   16.573964] evm: security.SMACK64TRANSMUTE
[   16.659872] evm: security.SMACK64MMAP
[   16.722958] evm: security.ima
[   16.791992] evm: security.capability
[   16.865756] clocksource: jiffies: mask: 0xffffffff max_cycles: 0xffffffff, max_idle_ns: 7645041785100000 ns
[   17.086350] futex hash table entries: 512 (order: 3, 32768 bytes)
[   17.225373] pinctrl core: initialized pinctrl subsystem
[   17.349270] RTC time:  0:27:00, date: 12/27/17
[   17.444583] NET: Registered protocol family 16
[   17.544263] cpuidle: using governor ladder
[   17.648322] cpuidle: using governor menu
[   17.738145] PCCT header not found.
[   17.814181] ACPI: bus type PCI registered
[   17.887684] acpiphp: ACPI Hot Plug PCI Controller Driver version: 0.5
[   17.977398] PCI: Using configuration type 1 for base access
[   18.064366] ACPI: Added _OSI(Module Device)
[   18.142789] ACPI: Added _OSI(Processor Device)
[   18.235689] ACPI: Added _OSI(3.0 _SCP Extensions)
[   18.329222] ACPI: Added _OSI(Processor Aggregator Device)
[   18.405325] ACPI: Executed 1 blocks of module-level executable AML code
[   18.521363] ACPI: Interpreter enabled
[   18.590262] ACPI: (supports S0 S5)
[   18.657248] ACPI: Using IOAPIC for interrupt routing
[   18.715939] PCI: Using host bridge windows from ACPI; if necessary, use "pci=nocrs" and report a bug
[   18.833167] ACPI: PCI Root Bridge [PCI0] (domain 0000 [bus 00-ff])
[   18.932329] acpi PNP0A03:00: _OSC: OS supports [ASPM ClockPM Segments MSI]
[   19.001875] acpi PNP0A03:00: _OSC: not requesting OS control; OS requires [ExtendedConfig ASPM ClockPM MSI]
[   19.139175] acpi PNP0A03:00: fail to add MMCONFIG information, can't access extended PCI configuration space under this bridge.
[   19.368530] PCI host bridge to bus 0000:00
[   19.453847] pci_bus 0000:00: root bus resource [io  0x0000-0x0cf7 window]
[   19.581901] pci_bus 0000:00: root bus resource [io  0x0d00-0xffff window]
[   19.726977] pci_bus 0000:00: root bus resource [mem 0x000a0000-0x000bffff window]
[   19.882188] pci_bus 0000:00: root bus resource [mem 0x40000000-0xffdfffff window]
[   20.032779] pci_bus 0000:00: root bus resource [bus 00-ff]
[   20.131112] pci 0000:00:01.1: legacy IDE quirk: reg 0x10: [io  0x01f0-0x01f7]
[   20.284066] pci 0000:00:01.1: legacy IDE quirk: reg 0x14: [io  0x03f6]
[   20.417043] pci 0000:00:01.1: legacy IDE quirk: reg 0x18: [io  0x0170-0x0177]
[   20.551116] pci 0000:00:01.1: legacy IDE quirk: reg 0x1c: [io  0x0376]
[   20.673443] pci 0000:00:07.0: quirk: [io  0x4000-0x403f] claimed by PIIX4 ACPI
[   20.775615] pci 0000:00:07.0: quirk: [io  0x4100-0x410f] claimed by PIIX4 SMB
[   20.862915] ACPI: PCI Interrupt Link [LNKA] (IRQs 5 9 10 *11)
[   20.964273] ACPI: PCI Interrupt Link [LNKB] (IRQs 5 9 10 *11)
[   21.065626] ACPI: PCI Interrupt Link [LNKC] (IRQs 5 9 *10 11)
[   21.136241] ACPI: PCI Interrupt Link [LNKD] (IRQs 5 *9 10 11)
[   21.269298] ACPI: Enabled 2 GPEs in block 00 to 07
[   21.379693] vgaarb: setting as boot device: PCI:0000:00:02.0
[   21.499156] vgaarb: device added: PCI:0000:00:02.0,decodes=io+mem,owns=io+mem,locks=none
[   21.624460] vgaarb: loaded
[   21.681072] vgaarb: bridge control possible 0000:00:02.0
[   21.726324] SCSI subsystem initialized
[   21.727647] ACPI: bus type USB registered
[   21.789139] usbcore: registered new interface driver usbfs
[   21.877696] usbcore: registered new interface driver hub
[   21.952211] usbcore: registered new device driver usb
[   22.041585] PCI: Using ACPI for IRQ routing
[   22.095551] NetLabel: Initializing
[   22.157358] NetLabel:  domain hash size = 128
[   22.206242] NetLabel:  protocols = UNLABELED CIPSOv4
[   22.287226] NetLabel:  unlabeled traffic allowed by default
[   22.380877] amd_nb: Cannot enumerate AMD northbridges
[   22.454876] clocksource: Switched to clocksource kvm-clock
[   22.570688] AppArmor: AppArmor Filesystem Enabled
[   22.657553] pnp: PnP ACPI init
[   22.697956] pnp: PnP ACPI: found 3 devices
[   22.798540] clocksource: acpi_pm: mask: 0xffffff max_cycles: 0xffffff, max_idle_ns: 2085701024 ns
[   23.009636] NET: Registered protocol family 2
[   23.132032] TCP established hash table entries: 8192 (order: 4, 65536 bytes)
[   23.317483] TCP bind hash table entries: 8192 (order: 5, 131072 bytes)
[   23.462483] TCP: Hash tables configured (established 8192 bind 8192)
[   23.578121] UDP hash table entries: 512 (order: 2, 16384 bytes)
[   23.721442] UDP-Lite hash table entries: 512 (order: 2, 16384 bytes)
[   23.894062] NET: Registered protocol family 1
[   24.026454] pci 0000:00:00.0: Limiting direct PCI/PCI transfers
[   24.190025] pci 0000:00:01.0: Activating ISA DMA hang workarounds
[   24.341371] Unpacking initramfs...
[   24.619606] Freeing initrd memory: 15228K
[   24.699085] RAPL PMU detected, API unit is 2^-32 Joules, 3 fixed counters 10737418240 ms ovfl timer
[   24.906574] hw unit of domain pp0-core 2^-0 Joules
[   24.972623] hw unit of domain package 2^-0 Joules
[   25.024136] hw unit of domain pp1-gpu 2^-0 Joules
[   25.131962] platform rtc_cmos: registered platform RTC device (no PNP device found)
[   25.275463] Scanning for low memory corruption every 60 seconds
[   25.343451] audit: initializing netlink subsys (disabled)
[   25.421192] audit: type=2000 audit(1514334412.191:1): initialized
[   25.509527] Initialise system trusted keyring
[   25.596815] HugeTLB registered 2 MB page size, pre-allocated 0 pages
[   25.724403] zbud: loaded
[   25.769964] VFS: Disk quotas dquot_6.6.0
[   25.797694] VFS: Dquot-cache hash table entries: 512 (order 0, 4096 bytes)
[   25.848530] squashfs: version 4.0 (2009/01/31) Phillip Lougher
[   25.945521] fuse init (API version 7.23)
[   26.015829] Key type big_key registered
[   26.059231] Allocating IMA MOK and blacklist keyrings.
[   26.124541] Key type asymmetric registered
[   26.130900] tsc: Refined TSC clocksource calibration: 3391.737 MHz
[   26.130901] clocksource: tsc: mask: 0xffffffffffffffff max_cycles: 0x30e3d0e22ea, max_idle_ns: 440795322999 ns
[   26.387520] Asymmetric key parser 'x509' registered
[   26.417285] Block layer SCSI generic (bsg) driver version 0.4 loaded (major 249)
[   26.501616] io scheduler noop registered
[   26.535257] io scheduler deadline registered (default)
[   26.588811] io scheduler cfq registered
[   26.651809] pci_hotplug: PCI Hot Plug PCI Core version: 0.5
[   26.690380] pciehp: PCI Express Hot Plug Controller Driver version: 0.4
[   26.744961] ACPI: AC Adapter [AC] (on-line)
[   26.790674] input: Power Button as /devices/LNXSYSTM:00/LNXPWRBN:00/input/input0
[   26.905023] ACPI: Power Button [PWRF]
[   26.940429] input: Sleep Button as /devices/LNXSYSTM:00/LNXSLPBN:00/input/input1
[   27.060545] ACPI: Sleep Button [SLPF]
[   27.134597] GHES: HEST is not enabled!
[   27.209404] Serial: 8250/16550 driver, 32 ports, IRQ sharing enabled
[   27.314337] 00:02: ttyS0 at I/O 0x3f8 (irq = 4, base_baud = 115200) is a 16550A
[   27.413555] Linux agpgart interface v0.103
[   27.451146] loop: module loaded
[   27.478382] scsi host0: ata_piix
[   27.520946] scsi host1: ata_piix
[   27.574408] ata1: PATA max UDMA/33 cmd 0x1f0 ctl 0x3f6 bmdma 0xd000 irq 14
[   27.666743] ata2: PATA max UDMA/33 cmd 0x170 ctl 0x376 bmdma 0xd008 irq 15
[   27.755117] libphy: Fixed MDIO Bus: probed
[   27.786543] tun: Universal TUN/TAP device driver, 1.6
[   27.861911] tun: (C) 1999-2004 Max Krasnyansky <maxk@qualcomm.com>
[   27.939551] PPP generic driver version 2.4.2
[   27.986132] ehci_hcd: USB 2.0 'Enhanced' Host Controller (EHCI) Driver
[   28.125046] ehci-pci: EHCI PCI platform driver
[   28.201520] ehci-platform: EHCI generic platform driver
[   28.332060] ohci_hcd: USB 1.1 'Open' Host Controller (OHCI) Driver
[   28.461066] ohci-pci: OHCI PCI platform driver
[   28.587558] ohci-platform: OHCI generic platform driver
[   28.731091] uhci_hcd: USB Universal Host Controller Interface driver
[   28.840682] i8042: PNP: PS/2 Controller [PNP0303:PS2K,PNP0f03:PS2M] at 0x60,0x64 irq 1,12
[   28.966263] serio: i8042 BD port at 0x60,0x64 irq 1
[   29.128608] serio: i8042 AUX port at 0x60,0x64 irq 12
[   29.273277] mousedev: PS/2 mouse device common for all mice
[   29.432961] input: AT Translated Set 2 keyboard as /devices/platform/i8042/serio0/input/input2
[   29.591702] rtc_cmos rtc_cmos: rtc core: registered rtc_cmos as rtc0
[   29.640105] rtc_cmos rtc_cmos: alarms up to one day, 114 bytes nvram
[   29.769765] i2c /dev entries driver
[   29.821519] device-mapper: uevent: version 1.0.3
[   29.899332] device-mapper: ioctl: 4.34.0-ioctl (2015-10-28) initialised: dm-devel@redhat.com
[   30.038576] ledtrig-cpu: registered to indicate activity on CPUs
[   30.135778] NET: Registered protocol family 10
[   30.228918] NET: Registered protocol family 17
[   30.299758] Key type dns_resolver registered
[   30.385389] microcode: CPU0 sig=0x306a9, pf=0x2, revision=0x19
[   30.524410] microcode: CPU1 sig=0x306a9, pf=0x2, revision=0x19
[   30.555558] microcode: Microcode Update Driver: v2.01 <tigran@aivazian.fsnet.co.uk>, Peter Oruba
[   30.623724] registered taskstats version 1
[   30.683368] Loading compiled-in X.509 certificates
[   30.735889] Loaded X.509 cert 'Build time autogenerated kernel key: 8537ad706776f532219d7336343c968b9f82f7c7'
[   30.927626] zswap: loaded using pool lzo/zbud
[   30.989501] Key type trusted registered
[   31.101386] Key type encrypted registered
[   31.119755] AppArmor: AppArmor sha1 policy hashing enabled
[   31.207385] ima: No TPM chip found, activating TPM-bypass!
[   31.287487] evm: HMAC attrs: 0x1
[   31.299688]   Magic number: 13:987:456
[   31.388948] mem urandom: hash matches
[   31.451517] rtc_cmos rtc_cmos: setting system clock to 2017-12-27 00:27:14 UTC (1514334434)
[   31.573375] BIOS EDD facility v0.16 2004-Jun-25, 0 devices found
[   31.637916] EDD information not available.
[   31.696550] Freeing unused kernel memory: 1492K
[   31.780935] Write protecting the kernel read-only data: 14336k
[   31.827845] Freeing unused kernel memory: 1744K
[   31.857926] Freeing unused kernel memory: 108K
Loading, please [   31.927867] random: systemd-udevd: uninitialized urandom read (16 bytes read, 4 bits of entropy available)
wait...
startin[   31.928274] random: udevadm: uninitialized urandom read (16 bytes read, 4 bits of entropy available)
g version 229
[   31.928287] random: udevadm: uninitialized urandom read (16 bytes read, 4 bits of entropy available)
[   31.934206] random: udevadm: uninitialized urandom read (16 bytes read, 4 bits of entropy available)
[   31.934233] random: udevadm: uninitialized urandom read (16 bytes read, 4 bits of entropy available)
[   31.934320] random: udevadm: uninitialized urandom read (16 bytes read, 4 bits of entropy available)
[   31.934357] random: udevadm: uninitialized urandom read (16 bytes read, 4 bits of entropy available)
[   31.934390] random: udevadm: uninitialized urandom read (16 bytes read, 4 bits of entropy available)
[   31.934422] random: udevadm: uninitialized urandom read (16 bytes read, 4 bits of entropy available)
[   31.934456] random: udevadm: uninitialized urandom read (16 bytes read, 4 bits of entropy available)
[   33.436769] Fusion MPT base driver 3.04.20
[   33.488138] Copyright (c) 1999-2008 LSI Corporation
[   33.571112] e1000: Intel(R) PRO/1000 Network Driver - version 7.3.21-k8-NAPI
[   33.640863] e1000: Copyright (c) 1999-2006 Intel Corporation.
[   33.672165] Fusion MPT SPI Host driver 3.04.20
[   33.744158] AVX version of gcm_enc/dec engaged.
[   33.782410] AES CTR mode by8 optimization enabled
[   33.869538] input: ImExPS/2 Generic Explorer Mouse as /devices/platform/i8042/serio1/input/input4
[   34.099194] e1000 0000:00:03.0 eth0: (PCI:33MHz:32-bit) 02:63:8e:2c:ef:cd
[   34.207406] e1000 0000:00:03.0 eth0: Intel(R) PRO/1000 Network Connection
[   34.292551] mptbase: ioc0: Initiating bringup
[   34.369856] e1000 0000:00:03.0 enp0s3: renamed from eth0
[   34.431071] ioc0: LSI53C1030 A0: Capabilities={Initiator}
[   34.668104] scsi host2: ioc0: LSI53C1030 A0, FwRev=00000000h, Ports=1, MaxQ=256, IRQ=20
[   34.855412] scsi 2:0:0:0: Direct-Access     VBOX     HARDDISK         1.0  PQ: 0 ANSI: 5
[   34.922537] scsi target2:0:0: Beginning Domain Validation
[   34.938526] scsi target2:0:0: Domain Validation skipping write tests
[   34.962360] scsi target2:0:0: Ending Domain Validation
[   35.015494] scsi target2:0:0: asynchronous
[   35.079568] scsi 2:0:1:0: Direct-Access     VBOX     HARDDISK         1.0  PQ: 0 ANSI: 5
[   35.242848] scsi target2:0:1: Beginning Domain Validation
[   35.356619] scsi target2:0:1: Domain Validation skipping write tests
[   35.469443] scsi target2:0:1: Ending Domain Validation
[   35.536210] scsi target2:0:1: asynchronous
[   35.623060] sd 2:0:0:0: [sda] 20971520 512-byte logical blocks: (10.7 GB/10.0 GiB)
[   35.635436] sd 2:0:0:0: Attached scsi generic sg0 type 0
[   35.696384] sd 2:0:1:0: Attached scsi generic sg1 type 0
[   35.696517] sd 2:0:1:0: [sdb] 20480 512-byte logical blocks: (10.5 MB/10.0 MiB)
[   35.696687] sd 2:0:1:0: [sdb] Write Protect is off
[   35.696800] sd 2:0:1:0: [sdb] Incomplete mode parameter data
[   35.696801] sd 2:0:1:0: [sdb] Assuming drive cache: write through
[   35.719368] sd 2:0:1:0: [sdb] Attached SCSI disk
[   36.196751] sd 2:0:0:0: [sda] Write Protect is off
[   36.284745] sd 2:0:0:0: [sda] Incomplete mode parameter data
[   36.367015] sd 2:0:0:0: [sda] Assuming drive cache: write through
[   36.438236]  sda: sda1
[   36.497468] sd 2:0:0:0: [sda] Attached SCSI disk
[   36.662854] floppy0: no floppy controllers found
[   36.779606] work still pending
Begin: Loading e[   38.157358] md: linear personality registered for level -1
ssential drivers[   38.241783] md: multipath personality registered for level -4
 ... [   38.319580] md: raid0 personality registered for level 0
[   38.422065] md: raid1 personality registered for level 1
[   38.566942] raid6: sse2x1   gen()  9607 MB/s
[   38.718951] raid6: sse2x1   xor()  7547 MB/s
[   38.822955] raid6: sse2x2   gen() 12090 MB/s
[   38.918994] raid6: sse2x2   xor()  8270 MB/s
[   38.986971] raid6: sse2x4   gen() 14052 MB/s
[   39.114990] raid6: sse2x4   xor() 10257 MB/s
[   39.184357] raid6: using algorithm sse2x4 gen() 14052 MB/s
[   39.271507] raid6: .... xor() 10257 MB/s, rmw enabled
[   39.368924] raid6: using ssse3x2 recovery algorithm
[   39.462211] xor: automatically using best checksumming function:
[   39.507044]    avx       : 20021.000 MB/sec
[   39.586256] async_tx: api initialized (async)
[   39.696227] md: raid6 personality registered for level 6
[   39.774982] md: raid5 personality registered for level 5
[   39.851577] md: raid4 personality registered for level 4
[   39.933780] md: raid10 personality registered for level 10
done.
Begin: Running /scripts/i[   40.061764] Btrfs loaded
nit-premount ... done.
Begin: Mounting root file system ... Begin: Running /scripts/local-top ... done.
Begin:[   40.186559] EXT4-fs (sda1): INFO: recovery required on readonly filesystem
 Running /script[   40.299600] EXT4-fs (sda1): write access will be enabled during recovery
s/local-premount ... Scanning for Btrfs filesystems
done.
Warning: fsck not present, so skipping root file system
[   40.628373] EXT4-fs (sda1): recovery complete
[   40.666726] EXT4-fs (sda1): mounted filesystem with ordered data mode. Opts: (null)
done.
Begin: Running /scripts/local-bottom ... done.
Begin: Running /scripts/init-bottom ... [   41.443293] random: nonblocking pool is initialized
done.
[   42.658550] systemd[1]: systemd 229 running in system mode. (+PAM +AUDIT +SELINUX +IMA +APPARMOR +SMACK +SYSVINIT +UTMP +LIBCRYPTSETUP +GCRYPT +GNUTLS +ACL +XZ -LZ4 +SECCOMP +BLKID +ELFUTILS +KMOD -IDN)
[   42.851149] systemd[1]: Detected virtualization oracle.
[   42.894393] systemd[1]: Detected architecture x86-64.

Welcome to [1mUbuntu 16.04.3 LTS[0m!

[   43.095605] systemd[1]: Set hostname to <ubuntu-xenial>.
[   44.060810] systemd[1]: Started Trigger resolvconf update for networkd DNS.
[[0;32m  OK  [0m] Started Trigger resolvconf update for networkd DNS.
[   44.203490] systemd[1]: Listening on Journal Audit Socket.
[[0;32m  OK  [0m] Listening on Journal Audit Socket.
[   44.343420] systemd[1]: Listening on udev Kernel Socket.
[[0;32m  OK  [0m] Listening on udev Kernel Socket.
[   44.396453] systemd[1]: Listening on udev Control Socket.
[[0;32m  OK  [0m] Listening on udev Control Socket.
[   44.472083] systemd[1]: Created slice System Slice.
[[0;32m  OK  [0m] Created slice System Slice.
[   44.593234] systemd[1]: Created slice system-serial\x2dgetty.slice.
[[0;32m  OK  [0m] Created slice system-serial\x2dgetty.slice.
[   44.713082] systemd[1]: Listening on Device-mapper event daemon FIFOs.
[[0;32m  OK  [0m] Listening on Device-mapper event daemon FIFOs.
[   44.819496] systemd[1]: Listening on /dev/initctl Compatibility Named Pipe.
[[0;32m  OK  [0m] Listening on /dev/initctl Compatibility Named Pipe.
[   45.007541] systemd[1]: Listening on Journal Socket.
[[0;32m  OK  [0m] Listening on Journal Socket.
[   45.095126] systemd[1]: Starting Create list of required static device nodes for the current kernel...
         Starting Create list of required st... nodes for the current kernel...
[   45.331387] systemd[1]: Starting Nameserver information manager...
         Starting Nameserver information manager...
[   45.467026] systemd[1]: Starting Set console keymap...
         Starting Set console keymap...
[   45.559019] systemd[1]: Starting Remount Root and Kernel File Systems...
         Starting Remount Root and Kernel File Systems...
[   45.735490] systemd[1]: Mounting Debug File System...
         Mounting Debug File System...
[   47.450441] EXT4-fs (sda1): re-mounted. Opts: (null)
[   47.719262] systemd[1]: Starting Load Kernel Modules...
[   47.799430] Loading iSCSI transport class v2.0-870.
         Starting Load Kernel Modules...
[   47.919352] systemd[1]: Listening on Syslog Socket.
[[0;32m  OK  [[   47.954826] iscsi: registered transport (tcp)
0m] Listening on Syslog Socket.
[   48.018540] systemd[1]: Listening on Journal Socket (/dev/log).
[[0;32m  OK  [0m] Listening on Journal Socket (/dev/log).
[   48.130070] iscsi: registered transport (iser)
[   48.231373] systemd[1]: Starting Journal Service...
         Starting Journal Service...
[   48.367227] systemd[1]: Listening on LVM2 metadata daemon socket.
[[0;32m  OK  [0m] Listening on LVM2 metadata daemon socket.
[   48.483456] systemd[1]: Starting Monitoring of LVM2 mirrors, snapshots etc. using dmeventd or progress polling...
         Starting Monitoring of LVM2 mirrors... dmeventd or progress polling...
[   48.671020] systemd[1]: Starting Uncomplicated firewall...
         Starting Uncomplicated firewall...
[   48.827680] systemd[1]: Created slice User and Session Slice.
[[0;32m  OK  [0m] Created slice User and Session Slice.
[   48.967491] systemd[1]: Reached target Slices.
[[0;32m  OK  [0m] Reached target Slices.
[   49.055002] systemd[1]: Mounting Huge Pages File System...
         Mounting Huge Pages File System...
[   49.191491] systemd[1]: Mounting POSIX Message Queue File System...
         Mounting POSIX Message Queue File System...
[   49.339603] systemd[1]: Reached target Encrypted Volumes.
[[0;32m  OK  [0m] Reached target Encrypted Volumes.
[   49.511720] systemd[1]: Set up automount Arbitrary Executable File Formats File System Automount Point.
[[0;32m  OK  [0m] Set up automount Arbitrary Executab...ats File System Automount Point.
[   49.823633] systemd[1]: Listening on LVM2 poll daemon socket.
[[0;32m  OK  [0m] Listening on LVM2 poll daemon socket.
[   50.061282] systemd[1]: Started Forward Password Requests to Wall Directory Watch.
[[0;32m  OK  [0m] Started Forward Password Requests to Wall Directory Watch.
[   50.323321] systemd[1]: Reached target Swap.
[[0;32m  OK  [0m] Reached target Swap.
[   50.431422] systemd[1]: Reached target User and Group Name Lookups.
[[0;32m  OK  [0m] Reached target User and Group Name Lookups.
[   50.604709] systemd[1]: Mounted POSIX Message Queue File System.
[[0;32m  OK  [0m] Mounted POSIX Message Queue File System.
[   50.775258] systemd[1]: Mounted Debug File System.
[[0;32m  OK  [0m] Mounted Debug File System.
[   50.827276] systemd[1]: Mounted Huge Pages File System.
[[0;32m  OK  [0m] Mounted Huge Pages File System.
[   50.976051] systemd[1]: Started Journal Service.
[[0;32m  OK  [0m] Started Journal Service.
[[0;32m  OK  [0m] Started Create list of required sta...ce nodes for the current kernel.
[[0;32m  OK  [0m] Started Set console keymap.
[[0;32m  OK  [0m] Started Remount Root and Kernel File Systems.
[[0;32m  OK  [0m] Started Load Kernel Modules.
[[0;32m  OK  [0m] Started Uncomplicated firewall.
[[0;32m  OK  [0m] Started Nameserver information manager.
[[0;32m  OK  [0m] Started LVM2 metadata daemon.
         Starting Apply Kernel Variables...
         Mounting FUSE Control File System...
         Starting Initial cloud-init job (pre-networking)...
         Starting udev Coldplug all Devices...
         Starting Load/Save Random Seed...
         Starting Create Static Device Nodes in /dev...
         Starting Flush Journal to Persistent Storage...
[[0;32m  OK  [0m] Mounted FUSE Control File System.
[[0;32m  OK  [0m] Started Apply Kernel Variables.
[[0;32m  OK  [0m] Started Load/Save Random Seed.
[[0;32m  OK  [0m] Started Monitoring of LVM2 mirrors,...ng dmeventd or progress polling.
[[0;32m  OK  [0m] Started Create Static Device Nodes in /dev.
[[0;32m  OK  [0m] Started udev Coldplug all Devices.
         Starting udev Kernel Device Manager...
[[0;32m  OK  [0m] Started Flush Journal to Persistent Storage.
[[0;32m  OK  [0m] Started udev Kernel Device Manager.
[[0;32m  OK  [0m] Reached target Local File Systems (Pre).
[[0;32m  OK  [0m] Reached target Local File Systems.
         Starting Set console font and keymap...
         Starting Tell Plymouth To Write Out Runtime Data...
         Starting LSB: AppArmor initialization...
         Starting Create Volatile Files and Directories...
[[0;32m  OK  [0m] Started Dispatch Password Requests to Console Directory Watch.
[[0;32m  OK  [0m] Started Tell Plymouth To Write Out Runtime Data.
[[0;32m  OK  [0m] Started Create Volatile Files and Directories.
[[0;32m  OK  [0m] Found device /dev/ttyS0.
[[0;32m  OK  [0m] Reached target System Time Synchronized.
         Starting Update UTMP about System Boot/Shutdown...
[[0;32m  OK  [0m] Started Set console font and keymap.
[[0;32m  OK  [0m] Found device 82540EM Gigabit Ethern...r (PRO/1000 MT Desktop Adapter).
[[0;32m  OK  [0m] Created slice system-getty.slice.
[[0;32m  OK  [0m] Started Update UTMP about System Boot/Shutdown.
[[0;32m  OK  [0m] Listening on Load/Save RF Kill Switch Status /dev/rfkill Watch.
[[0;32m  OK  [0m] Started LSB: AppArmor initialization.
[   34.944042] cloud-init[447]: Cloud-init v. 17.1 running 'init-local' at Wed, 27 Dec 2017 00:27:39 +0000. Up 34.40 seconds.
[[0;32m  OK  [0m] Started Initial cloud-init job (pre-networking).
[[0;32m  OK  [0m] Reached target Network (Pre).
[[0;32m  OK  [0m] Started ifup for enp0s3.
         Starting Raise network interfaces...
[[0;32m  OK  [0m] Started Raise network interfaces.
         Starting Initial cloud-init job (metadata service crawler)...
[[0;32m  OK  [0m] Reached target Network.
[   36.664635] cloud-init[968]: Cloud-init v. 17.1 running 'init' at Wed, 27 Dec 2017 00:27:40 +0000. Up 35.77 seconds.
[   36.800307] cloud-init[968]: ci-info: +++++++++++++++++++++++++++++++++++++Net device info++++++++++++++++++++++++++++++++++++++
[   36.800464] cloud-init[968]: ci-info: +--------+------+----------------------------+---------------+-------+-------------------+
[[0;32m  OK  [0m] Started Initial cloud-init job (metadata service crawler).
[   36.800616] cloud-init[968]: ci-info: | Device |  Up  |          Address           |      Mask     | Scope |     Hw-Address    |
[   37.184425] cloud-init[968]: ci-info: +--------+------+----------------------------+---------------+-------+-------------------+
[   37.184699] cloud-init[968]: ci-info: | enp0s3 | True |         10.0.2.15          | 255.255.255.0 |   .   | 02:63:8e:2c:ef:cd |
[[0;32m  OK  [0m] Reached target System Initialization.
[   37.184816] cloud-init[968]: ci-info: | enp0s3 | True | fe80::63:8eff:fe2c:efcd/64 |       .       |  link | 02:63:8e:2c:ef:cd |
[   37.500754] cloud-init[968]: ci-info: |   lo   | True |         127.0.0.1          |   255.0.0.0   |   .   |         .         |
         Starting LXD - unix socket.
[   37.500829] cloud-init[968]: ci-info: |   lo   | True |          ::1/128           |       .       |  host |         .         |
[   37.756541] cloud-init[968]: ci-info: +--------+------+----------------------------+---------------+-------+-------------------+
[   37.756702] cloud-init[968]: ci-info: +++++++++++++++++++++++++++Route IPv4 info++++++++++++++++++++++++++++
[[0;32m  OK  [0m] Listening on UUID daemon activation socket.
[[   37.756852] cloud-init[968]: ci-info: +-------+-------------+----------+---------------+-----------+-------+
[   38.132948] cloud-init[968]: ci-info: | Route | Destination | Gateway  |    Genmask    | Interface | Flags |
[0;32m  OK  [0m] Started Daily Cleanup of Temporary Directories.
         Starting Socket activation for snappy daemon.
[   38.133021] cloud-init[968]: ci-info: +-------+-------------+----------+---------------+-----------+-------+
[   38.540530] cloud-init[968]: ci-info: |   0   |   0.0.0.0   | 10.0.2.2 |    0.0.0.0    |   enp0s3  |   UG  |
[   38.540803] cloud-init[968]: ci-info: |   1   |   10.0.2.0  | 0.0.0.0  | 255.255.255.0 |   enp0s3  |   U   |
[[0;32m  OK  [0m] Started Timer to automatically refresh installed snaps.
[[   38.540917] cloud-init[968]: ci-info: +-------+-------------+----------+---------------+-----------+-------+
[0;32m  OK  [0m] Listening on ACPID Listen Socket.
[[0;32m  OK  [0m] Listening on D-Bus System Message Bus Socket.
[[0;32m  OK  [0m] Started ACPI Events Check.
[[0;32m  OK  [0m] Reached target Paths.
[[0;32m  OK  [0m] Reached target Cloud-config availability.
[[0;32m  OK  [0m] Reached target Network is Online.
         Starting iSCSI initiator daemon (iscsid)...
[[0;32m  OK  [0m] Started Daily apt download activities.
[[0;32m  OK  [0m] Started Daily apt upgrade and clean activities.
[[0;32m  OK  [0m] Reached target Timers.
[[0;32m  OK  [0m] Listening on LXD - unix socket.
[[0;32m  OK  [0m] Listening on Socket activation for snappy daemon.
[[0;32m  OK  [0m] Reached target Sockets.
[[0;32m  OK  [0m] Reached target Basic System.
         Starting /etc/rc.local Compatibility...
         Starting Accounts Service...
         Starting LSB: MD monitoring daemon...
         Starting Login Service...
[[0;32m  OK  [0m] Started Regular background program processing daemon.
[[0;32m  OK  [0m] Started ACPI event daemon.
[[0;32m  OK  [0m] Started Deferred execution scheduler.
         Starting Snappy daemon...
         Starting Apply the settings specified in cloud-config...
         Starting System Logging Service...
         Starting OpenBSD Secure Shell server...
[[0;32m  OK  [0m] Started Unattended Upgrades Shutdown.
         Starting LSB: Record successful boot for GRUB...
[   40.557960] cloud-init[1045]: Cloud-init v. 17.1 running 'modules:config' at Wed, 27 Dec 2017 00:27:45 +0000. Up 40.38 seconds.
[[0;32m  OK  [0m] Started D-Bus System Message Bus.
[[0;32m  OK  [0m] Started FUSE filesystem for LXC.
         Starting LXD - container startup/shutdown...
[[0;32m  OK  [0m] Started System Logging Service.
[[0;32m  OK  [0m] Started OpenBSD Secure Shell server.
[[0;32m  OK  [0m] Started iSCSI initiator daemon (iscsid).
[[0;32m  OK  [0m] Started /etc/rc.local Compatibility.
[[0;32m  OK  [0m] Started Apply the settings specified in cloud-config.
[[0;32m  OK  [0m] Started Snappy daemon.
[[0;32m  OK  [0m] Started Login Service.
         Starting Authenticate and Authorize Users to Run Privileged Tasks...
         Starting Login to default iSCSI targets...
[[0;32m  OK  [0m] Started LSB: MD monitoring daemon.
[[0;32m  OK  [0m] Started LSB: Record successful boot for GRUB.
[[0;32m  OK  [0m] Started Authenticate and Authorize Users to Run Privileged Tasks.
[[0;32m  OK  [0m] Started Accounts Service.
[[0;32m  OK  [0m] Started LXD - container startup/shutdown.
[[0;32m  OK  [0m] Started Login to default iSCSI targets.
[[0;32m  OK  [0m] Reached target Remote File Systems (Pre).
[[0;32m  OK  [0m] Reached target Remote File Systems.
         Starting LSB: Set the CPU Frequency Scaling governor to "ondemand"...
         Starting LSB: automatic crash report generation...
         Starting Permit User Sessions...
         Starting LSB: VirtualBox Linux Additions...
         Starting LSB: daemon to balance interrupts for SMP systems...
[[0;32m  OK  [0m] Started Permit User Sessions.
[[0;32m  OK  [0m] Started LSB: Set the CPU Frequency Scaling governor to "ondemand".
[[0;32m  OK  [0m] Started LSB: automatic crash report generation.
         Starting Hold until boot process finishes up...
         Starting Terminate Plymouth Boot Screen...
[[0;32m  OK  [0m] Started LSB: daemon to balance interrupts for SMP systems.
[[0;32m  OK  [0m] Started LSB: VirtualBox Linux Additions.
[[0;32m  OK  [0m] Started Hold until boot process finishes up.
[[0;32m  OK  [0m] Started Terminate Plymouth Boot Screen.
[[0;32m  OK  [0m] Started Serial Getty on ttyS0.
[[0;32m  OK  [0m] Started Getty on tty1.
[[0;32m  OK  [0m] Reached target Login Prompts.
         Starting Set console scheme...
[[0;32m  OK  [0m] Reached target Multi-User System.
[[0;32m  OK  [0m] Reached target Graphical Interface.
         Starting Update UTMP about System Runlevel Changes...
         Starting Execute cloud user/final scripts...
[[0;32m  OK  [0m] Started Set console scheme.
[[0;32m  OK  [0m] Started Update UTMP about System Runlevel Changes.
[   43.972270] cloud-init[1188]: Cloud-init v. 17.1 running 'modules:final' at Wed, 27 Dec 2017 00:27:48 +0000. Up 43.81 seconds.
[   44.092873] cloud-init[1188]: Cloud-init v. 17.1 finished at Wed, 27 Dec 2017 00:27:48 +0000. Datasource DataSourceNoCloud [seed=/dev/sdb][dsmode=net].  Up 43.96 seconds
[[0;32m  OK  [0m] Started Execute cloud user/final scripts.
         Starting Daily apt download activities...
[[0;32m  OK  [0m] Reached target Cloud-init target.
[[0;32m  OK  [0m] Created slice User Slice of ubuntu.
         Starting User Manager for UID 1000...
[[0;32m  OK  [0m] Started Session 1 of user ubuntu.
[[0;32m  OK  [0m] Started User Manager for UID 1000.
         Stopping User Manager for UID 1000...
[[0;32m  OK  [0m] Stopped User Manager for UID 1000.
[[0;32m  OK  [0m] Removed slice User Slice of ubuntu.

Ubuntu 16.04.3 LTS ubuntu-xenial ttyS0

ubuntu-xenial login: 