[    0.000000] Initializing cgroup subsys cpuset
[    0.000000] Initializing cgroup subsys cpu
[    0.000000] Initializing cgroup subsys cpuacct
[    0.000000] Linux version 4.4.0-104-generic (buildd@lgw01-amd64-022) (gcc version 5.4.0 20160609 (Ubuntu 5.4.0-6ubuntu1~16.04.5) ) #127-Ubuntu SMP Mon Dec 11 12:16:42 UTC 2017 (Ubuntu 4.4.0-104.127-generic 4.4.98)
[    0.000000] Command line: BOOT_IMAGE=/boot/vmlinuz-4.4.0-104-generic root=UUID=743b1402-d445-494c-af0b-749040bb33e4 ro console=tty1 console=ttyS0
[    0.000000] KERNEL supported cpus:
[    0.000000]   Intel GenuineIntel
[    0.000000]   AMD AuthenticAMD
[    0.000000]   Centaur CentaurHauls
[    0.000000] x86/fpu: xstate_offset[2]:  576, xstate_sizes[2]:  256
[    0.000000] x86/fpu: Supporting XSAVE feature 0x01: 'x87 floating point registers'
[    0.000000] x86/fpu: Supporting XSAVE feature 0x02: 'SSE registers'
[    0.000000] x86/fpu: Supporting XSAVE feature 0x04: 'AVX registers'
[    0.000000] x86/fpu: Enabled xstate features 0x7, context size is 832 bytes, using 'standard' format.
[    0.000000] x86/fpu: Using 'lazy' FPU context switches.
[    0.000000] e820: BIOS-provided physical RAM map:
[    0.000000] BIOS-e820: [mem 0x0000000000000000-0x000000000009fbff] usable
[    0.000000] BIOS-e820: [mem 0x000000000009fc00-0x000000000009ffff] reserved
[    0.000000] BIOS-e820: [mem 0x00000000000f0000-0x00000000000fffff] reserved
[    0.000000] BIOS-e820: [mem 0x0000000000100000-0x000000003ffeffff] usable
[    0.000000] BIOS-e820: [mem 0x000000003fff0000-0x000000003fffffff] ACPI data
[    0.000000] BIOS-e820: [mem 0x00000000fec00000-0x00000000fec00fff] reserved
[    0.000000] BIOS-e820: [mem 0x00000000fee00000-0x00000000fee00fff] reserved
[    0.000000] BIOS-e820: [mem 0x00000000fffc0000-0x00000000ffffffff] reserved
[    0.000000] NX (Execute Disable) protection: active
[    0.000000] SMBIOS 2.5 present.
[    0.000000] Hypervisor detected: KVM
[    0.000000] e820: last_pfn = 0x3fff0 max_arch_pfn = 0x400000000
[    0.000000] MTRR: Disabled
[    0.000000] x86/PAT: MTRRs disabled, skipping PAT initialization too.
[    0.000000] CPU MTRRs all blank - virtualized system.
[    0.000000] x86/PAT: Configuration [0-7]: WB  WT  UC- UC  WB  WT  UC- UC  
[    0.000000] found SMP MP-table at [mem 0x0009fff0-0x0009ffff] mapped at [ffff88000009fff0]
[    0.000000] Scanning 1 areas for low memory corruption
[    0.000000] RAMDISK: [mem 0x36232000-0x37110fff]
[    0.000000] ACPI: Early table checksum verification disabled
[    0.000000] ACPI: RSDP 0x00000000000E0000 000024 (v02 VBOX  )
[    0.000000] ACPI: XSDT 0x000000003FFF0030 00003C (v01 VBOX   VBOXXSDT 00000001 ASL  00000061)
[    0.000000] ACPI: FACP 0x000000003FFF00F0 0000F4 (v04 VBOX   VBOXFACP 00000001 ASL  00000061)
[    0.000000] ACPI: DSDT 0x000000003FFF0470 0021FF (v02 VBOX   VBOXBIOS 00000002 INTL 20100528)
[    0.000000] ACPI: FACS 0x000000003FFF0200 000040
[    0.000000] ACPI: FACS 0x000000003FFF0200 000040
[    0.000000] ACPI: APIC 0x000000003FFF0240 00005C (v02 VBOX   VBOXAPIC 00000001 ASL  00000061)
[    0.000000] ACPI: SSDT 0x000000003FFF02A0 0001CC (v01 VBOX   VBOXCPUT 00000002 INTL 20100528)
[    0.000000] No NUMA configuration found
[    0.000000] Faking a node at [mem 0x0000000000000000-0x000000003ffeffff]
[    0.000000] NODE_DATA(0) allocated [mem 0x3ffeb000-0x3ffeffff]
[    0.000000] kvm-clock: Using msrs 4b564d01 and 4b564d00
[    0.000000] kvm-clock: cpu 0, msr 0:3ffe3001, primary cpu clock
[    0.000000] kvm-clock: using sched offset of 3368957573 cycles
[    0.000000] clocksource: kvm-clock: mask: 0xffffffffffffffff max_cycles: 0x1cd42e4dffb, max_idle_ns: 881590591483 ns
[    0.000000] Zone ranges:
[    0.000000]   DMA      [mem 0x0000000000001000-0x0000000000ffffff]
[    0.000000]   DMA32    [mem 0x0000000001000000-0x000000003ffeffff]
[    0.000000]   Normal   empty
[    0.000000]   Device   empty
[    0.000000] Movable zone start for each node
[    0.000000] Early memory node ranges
[    0.000000]   node   0: [mem 0x0000000000001000-0x000000000009efff]
[    0.000000]   node   0: [mem 0x0000000000100000-0x000000003ffeffff]
[    0.000000] Initmem setup node 0 [mem 0x0000000000001000-0x000000003ffeffff]
[    0.000000] ACPI: PM-Timer IO Port: 0x4008
[    0.000000] IOAPIC[0]: apic_id 2, version 32, address 0xfec00000, GSI 0-23
[    0.000000] ACPI: INT_SRC_OVR (bus 0 bus_irq 0 global_irq 2 dfl dfl)
[    0.000000] ACPI: INT_SRC_OVR (bus 0 bus_irq 9 global_irq 9 high level)
[    0.000000] Using ACPI (MADT) for SMP configuration information
[    0.000000] smpboot: Allowing 2 CPUs, 0 hotplug CPUs
[    0.000000] PM: Registered nosave memory: [mem 0x00000000-0x00000fff]
[    0.000000] PM: Registered nosave memory: [mem 0x0009f000-0x0009ffff]
[    0.000000] PM: Registered nosave memory: [mem 0x000a0000-0x000effff]
[    0.000000] PM: Registered nosave memory: [mem 0x000f0000-0x000fffff]
[    0.000000] e820: [mem 0x40000000-0xfebfffff] available for PCI devices
[    0.000000] Booting paravirtualized kernel on KVM
[    0.000000] clocksource: refined-jiffies: mask: 0xffffffff max_cycles: 0xffffffff, max_idle_ns: 7645519600211568 ns
[    0.000000] setup_percpu: NR_CPUS:512 nr_cpumask_bits:512 nr_cpu_ids:2 nr_node_ids:1
[    0.000000] PERCPU: Embedded 33 pages/cpu @ffff88003fc00000 s98200 r8192 d28776 u1048576
[    0.000000] PV qspinlock hash table entries: 256 (order: 0, 4096 bytes)
[    0.000000] Built 1 zonelists in Node order, mobility grouping on.  Total pages: 257913
[    0.000000] Policy zone: DMA32
[    0.000000] Kernel command line: BOOT_IMAGE=/boot/vmlinuz-4.4.0-104-generic root=UUID=743b1402-d445-494c-af0b-749040bb33e4 ro console=tty1 console=ttyS0
[    0.000000] PID hash table entries: 4096 (order: 3, 32768 bytes)
[    0.000000] Memory: 997344K/1048120K available (8485K kernel code, 1295K rwdata, 3988K rodata, 1492K init, 1316K bss, 50776K reserved, 0K cma-reserved)
[    0.000000] SLUB: HWalign=64, Order=0-3, MinObjects=0, CPUs=2, Nodes=1
[    0.000000] Hierarchical RCU implementation.
[    0.000000] 	Build-time adjustment of leaf fanout to 64.
[    0.000000] 	RCU restricting CPUs from NR_CPUS=512 to nr_cpu_ids=2.
[    0.000000] RCU: Adjusting geometry for rcu_fanout_leaf=64, nr_cpu_ids=2
[    0.000000] NR_IRQS:33024 nr_irqs:440 16
[    0.000000] Console: colour VGA+ 80x25
[    0.000000] console [tty1] enabled
[    0.000000] console [ttyS0] enabled
[    0.000000] tsc: Detected 3392.296 MHz processor
[   13.915924] Calibrating delay loop (skipped) preset value.. 6784.59 BogoMIPS (lpj=13569184)
[   14.076603] pid_max: default: 32768 minimum: 301
[   14.171553] ACPI: Core revision 20150930
[   14.246882] ACPI: 2 ACPI AML tables successfully acquired and loaded
[   14.406083] Security Framework initialized
[   14.500217] Yama: becoming mindful.
[   14.561528] AppArmor: AppArmor initialized
[   14.675220] Dentry cache hash table entries: 131072 (order: 8, 1048576 bytes)
[   14.758344] Inode-cache hash table entries: 65536 (order: 7, 524288 bytes)
[   14.890434] Mount-cache hash table entries: 2048 (order: 2, 16384 bytes)
[   14.996537] Mountpoint-cache hash table entries: 2048 (order: 2, 16384 bytes)
[   15.030862] Initializing cgroup subsys io
[   15.064696] Initializing cgroup subsys memory
[   15.099766] Initializing cgroup subsys devices
[   15.181671] Initializing cgroup subsys freezer
[   15.278208] Initializing cgroup subsys net_cls
[   15.397645] Initializing cgroup subsys perf_event
[   15.482363] Initializing cgroup subsys net_prio
[   15.601221] Initializing cgroup subsys hugetlb
[   15.705218] Initializing cgroup subsys pids
[   15.784439] CPU: Physical Processor ID: 0
[   15.868202] CPU: Processor Core ID: 0
[   15.949130] mce: CPU supports 0 MCE banks
[   16.040769] Last level iTLB entries: 4KB 512, 2MB 8, 4MB 8
[   16.158768] Last level dTLB entries: 4KB 512, 2MB 32, 4MB 32, 1GB 0
[   16.311705] Freeing SMP alternatives memory: 32K
[   16.434261] ftrace: allocating 32158 entries in 126 pages
[   16.581151] smpboot: APIC(0) Converting physical 0 to logical package 0
[   16.708045] smpboot: Max logical packages: 1
[   16.783123] x2apic enabled
[   16.823271] Switched APIC routing to physical x2apic.
[   16.841671] ..TIMER: vector=0x30 apic1=0 pin1=2 apic2=-1 pin2=-1
[   17.078082] smpboot: CPU0: Intel(R) Core(TM) i7-3770 CPU @ 3.40GHz (family: 0x6, model: 0x3a, stepping: 0x9)
[   17.271829] Performance Events: unsupported p6 CPU model 58 no PMU driver, software events only.
[   17.455105] KVM setup paravirtual spinlock
[   17.504587] x86: Booting SMP configuration:
[   17.596915] .... node  #0, CPUs:      #1
[   17.671828] kvm-clock: cpu 1, msr 0:3ffe3041, secondary cpu clock
[   17.738209] mce: CPU supports 0 MCE banks
[   17.763180] x86: Booted up 1 node, 2 CPUs
[   17.851113] smpboot: Total of 2 processors activated (13569.18 BogoMIPS)
[   17.905286] devtmpfs: initialized
[   17.923844] evm: security.selinux
[   17.930526] evm: security.SMACK64
[   17.974452] evm: security.SMACK64EXEC
[   18.061178] evm: security.SMACK64TRANSMUTE
[   18.130525] evm: security.SMACK64MMAP
[   18.210515] evm: security.ima
[   18.257801] evm: security.capability
[   18.295306] clocksource: jiffies: mask: 0xffffffff max_cycles: 0xffffffff, max_idle_ns: 7645041785100000 ns
[   18.327311] futex hash table entries: 512 (order: 3, 32768 bytes)
[   18.328755] pinctrl core: initialized pinctrl subsystem
[   18.428038] RTC time:  0:19:39, date: 12/29/17
[   18.520452] NET: Registered protocol family 16
[   18.622736] cpuidle: using governor ladder
[   18.702231] cpuidle: using governor menu
[   18.736639] PCCT header not found.
[   18.784131] ACPI: bus type PCI registered
[   18.848124] acpiphp: ACPI Hot Plug PCI Controller Driver version: 0.5
[   18.940269] PCI: Using configuration type 1 for base access
[   18.991850] ACPI: Added _OSI(Module Device)
[   19.047954] ACPI: Added _OSI(Processor Device)
[   19.135672] ACPI: Added _OSI(3.0 _SCP Extensions)
[   19.233215] ACPI: Added _OSI(Processor Aggregator Device)
[   19.335916] ACPI: Executed 1 blocks of module-level executable AML code
[   19.426599] ACPI: Interpreter enabled
[   19.477671] ACPI: (supports S0 S5)
[   19.522777] ACPI: Using IOAPIC for interrupt routing
[   19.565636] PCI: Using host bridge windows from ACPI; if necessary, use "pci=nocrs" and report a bug
[   19.672580] ACPI: PCI Root Bridge [PCI0] (domain 0000 [bus 00-ff])
[   19.786724] acpi PNP0A03:00: _OSC: OS supports [ASPM ClockPM Segments MSI]
[   19.962825] acpi PNP0A03:00: _OSC: not requesting OS control; OS requires [ExtendedConfig ASPM ClockPM MSI]
[   20.102031] acpi PNP0A03:00: fail to add MMCONFIG information, can't access extended PCI configuration space under this bridge.
[   20.347432] PCI host bridge to bus 0000:00
[   20.452253] pci_bus 0000:00: root bus resource [io  0x0000-0x0cf7 window]
[   20.506362] pci_bus 0000:00: root bus resource [io  0x0d00-0xffff window]
[   20.576879] pci_bus 0000:00: root bus resource [mem 0x000a0000-0x000bffff window]
[   20.687458] pci_bus 0000:00: root bus resource [mem 0x40000000-0xffdfffff window]
[   20.858084] pci_bus 0000:00: root bus resource [bus 00-ff]
[   20.973462] pci 0000:00:01.1: legacy IDE quirk: reg 0x10: [io  0x01f0-0x01f7]
[   21.094919] pci 0000:00:01.1: legacy IDE quirk: reg 0x14: [io  0x03f6]
[   21.112474] pci 0000:00:01.1: legacy IDE quirk: reg 0x18: [io  0x0170-0x0177]
[   21.237043] pci 0000:00:01.1: legacy IDE quirk: reg 0x1c: [io  0x0376]
[   21.368071] pci 0000:00:07.0: quirk: [io  0x4000-0x403f] claimed by PIIX4 ACPI
[   21.534163] pci 0000:00:07.0: quirk: [io  0x4100-0x410f] claimed by PIIX4 SMB
[   21.635441] ACPI: PCI Interrupt Link [LNKA] (IRQs 5 9 10 *11)
[   21.743844] ACPI: PCI Interrupt Link [LNKB] (IRQs 5 9 10 *11)
[   21.846509] ACPI: PCI Interrupt Link [LNKC] (IRQs 5 9 *10 11)
[   21.962616] ACPI: PCI Interrupt Link [LNKD] (IRQs 5 *9 10 11)
[   22.078693] ACPI: Enabled 2 GPEs in block 00 to 07
[   22.157085] vgaarb: setting as boot device: PCI:0000:00:02.0
[   22.252495] vgaarb: device added: PCI:0000:00:02.0,decodes=io+mem,owns=io+mem,locks=none
[   22.391821] vgaarb: loaded
[   22.452078] vgaarb: bridge control possible 0000:00:02.0
[   22.542562] SCSI subsystem initialized
[   22.543953] ACPI: bus type USB registered
[   22.545052] usbcore: registered new interface driver usbfs
[   22.638310] usbcore: registered new interface driver hub
[   22.646254] usbcore: registered new device driver usb
[   22.648127] PCI: Using ACPI for IRQ routing
[   22.649666] NetLabel: Initializing
[   22.728525] NetLabel:  domain hash size = 128
[   22.812579] NetLabel:  protocols = UNLABELED CIPSOv4
[   22.912258] NetLabel:  unlabeled traffic allowed by default
[   23.044854] amd_nb: Cannot enumerate AMD northbridges
[   23.173717] clocksource: Switched to clocksource kvm-clock
[   23.267315] AppArmor: AppArmor Filesystem Enabled
[   23.392296] pnp: PnP ACPI init
[   23.476420] pnp: PnP ACPI: found 3 devices
[   23.603511] clocksource: acpi_pm: mask: 0xffffff max_cycles: 0xffffff, max_idle_ns: 2085701024 ns
[   23.864564] NET: Registered protocol family 2
[   23.991383] TCP established hash table entries: 8192 (order: 4, 65536 bytes)
[   24.199324] TCP bind hash table entries: 8192 (order: 5, 131072 bytes)
[   24.327379] TCP: Hash tables configured (established 8192 bind 8192)
[   24.523379] UDP hash table entries: 512 (order: 2, 16384 bytes)
[   24.701874] UDP-Lite hash table entries: 512 (order: 2, 16384 bytes)
[   24.886437] NET: Registered protocol family 1
[   25.002897] pci 0000:00:00.0: Limiting direct PCI/PCI transfers
[   25.181457] pci 0000:00:01.0: Activating ISA DMA hang workarounds
[   25.347294] Unpacking initramfs...
[   25.620896] Freeing initrd memory: 15228K
[   25.692330] RAPL PMU detected, API unit is 2^-32 Joules, 3 fixed counters 10737418240 ms ovfl timer
[   25.854751] hw unit of domain pp0-core 2^-0 Joules
[   25.944618] hw unit of domain package 2^-0 Joules
[   26.056007] hw unit of domain pp1-gpu 2^-0 Joules
[   26.163767] platform rtc_cmos: registered platform RTC device (no PNP device found)
[   26.352369] Scanning for low memory corruption every 60 seconds
[   26.455513] audit: initializing netlink subsys (disabled)
[   26.558641] audit: type=2000 audit(1514506770.459:1): initialized
[   26.577695] Initialise system trusted keyring
[   26.579880] HugeTLB registered 2 MB page size, pre-allocated 0 pages
[   26.583026] zbud: loaded
[   26.584125] VFS: Disk quotas dquot_6.6.0
[   26.585353] VFS: Dquot-cache hash table entries: 512 (order 0, 4096 bytes)
[   26.588017] squashfs: version 4.0 (2009/01/31) Phillip Lougher
[   26.692127] fuse init (API version 7.23)
[   26.726227] Key type big_key registered
[   26.761595] Allocating IMA MOK and blacklist keyrings.
[   26.816232] Key type asymmetric registered
[   26.871595] Asymmetric key parser 'x509' registered
[   26.989176] Block layer SCSI generic (bsg) driver version 0.4 loaded (major 249)
[   27.089450] io scheduler noop registered
[   27.139607] io scheduler deadline registered (default)
[   27.161837] tsc: Refined TSC clocksource calibration: 3392.095 MHz
[   27.161839] clocksource: tsc: mask: 0xffffffffffffffff max_cycles: 0x30e522cb7f0, max_idle_ns: 440795247233 ns
[   27.468099] io scheduler cfq registered
[   27.513731] pci_hotplug: PCI Hot Plug PCI Core version: 0.5
[   27.658365] pciehp: PCI Express Hot Plug Controller Driver version: 0.4
[   27.758446] ACPI: AC Adapter [AC] (on-line)
[   27.829381] input: Power Button as /devices/LNXSYSTM:00/LNXPWRBN:00/input/input0
[   27.958052] ACPI: Power Button [PWRF]
[   27.990789] input: Sleep Button as /devices/LNXSYSTM:00/LNXSLPBN:00/input/input1
[   28.120268] ACPI: Sleep Button [SLPF]
[   28.134228] GHES: HEST is not enabled!
[   28.143854] Serial: 8250/16550 driver, 32 ports, IRQ sharing enabled
ÿ[   28.270469] 00:02: ttyS0 at I/O 0x3f8 (irq = 4, base_baud = 115200) is a 16550A
[   28.389466] Linux agpgart interface v0.103
[   28.458631] loop: module loaded
[   28.486604] scsi host0: ata_piix
[   28.514620] scsi host1: ata_piix
[   28.537627] ata1: PATA max UDMA/33 cmd 0x1f0 ctl 0x3f6 bmdma 0xd000 irq 14
[   28.578875] ata2: PATA max UDMA/33 cmd 0x170 ctl 0x376 bmdma 0xd008 irq 15
[   28.664655] libphy: Fixed MDIO Bus: probed
[   28.701365] tun: Universal TUN/TAP device driver, 1.6
[   28.708009] tun: (C) 1999-2004 Max Krasnyansky <maxk@qualcomm.com>
[   28.718500] PPP generic driver version 2.4.2
[   28.754160] ehci_hcd: USB 2.0 'Enhanced' Host Controller (EHCI) Driver
[   28.815899] ehci-pci: EHCI PCI platform driver
[   28.828508] ehci-platform: EHCI generic platform driver
[   28.836422] ohci_hcd: USB 1.1 'Open' Host Controller (OHCI) Driver
[   28.894907] ohci-pci: OHCI PCI platform driver
[   28.913907] ohci-platform: OHCI generic platform driver
[   28.925857] uhci_hcd: USB Universal Host Controller Interface driver
[   28.927486] i8042: PNP: PS/2 Controller [PNP0303:PS2K,PNP0f03:PS2M] at 0x60,0x64 irq 1,12
[   28.997413] serio: i8042 KBD port at 0x60,0x64 irq 1
[   29.096927] serio: i8042 AUX port at 0x60,0x64 irq 12
[   29.158251] mousedev: PS/2 mouse device common for all mice
[   29.229920] input: AT Translated Set 2 keyboard as /devices/platform/i8042/serio0/input/input2
[   29.282822] rtc_cmos rtc_cmos: rtc core: registered rtc_cmos as rtc0
[   29.351644] rtc_cmos rtc_cmos: alarms up to one day, 114 bytes nvram
[   29.462991] i2c /dev entries driver
[   29.524702] device-mapper: uevent: version 1.0.3
[   29.596809] device-mapper: ioctl: 4.34.0-ioctl (2015-10-28) initialised: dm-devel@redhat.com
[   29.648235] ledtrig-cpu: registered to indicate activity on CPUs
[   29.719900] NET: Registered protocol family 10
[   29.811676] NET: Registered protocol family 17
[   29.909005] Key type dns_resolver registered
[   30.000879] microcode: CPU0 sig=0x306a9, pf=0x2, revision=0x19
[   30.111143] microcode: CPU1 sig=0x306a9, pf=0x2, revision=0x19
[   30.177646] microcode: Microcode Update Driver: v2.01 <tigran@aivazian.fsnet.co.uk>, Peter Oruba
[   30.294995] registered taskstats version 1
[   30.357125] Loading compiled-in X.509 certificates
[   30.436144] Loaded X.509 cert 'Build time autogenerated kernel key: 8537ad706776f532219d7336343c968b9f82f7c7'
[   30.601280] zswap: loaded using pool lzo/zbud
[   30.646044] Key type trusted registered
[   30.686905] Key type encrypted registered
[   30.769603] AppArmor: AppArmor sha1 policy hashing enabled
[   30.892154] ima: No TPM chip found, activating TPM-bypass!
[   31.017657] evm: HMAC attrs: 0x1
[   31.050929]   Magic number: 13:484:305
[   31.145627] tty tty34: hash matches
[   31.178189] rtc_cmos rtc_cmos: setting system clock to 2017-12-29 00:19:52 UTC (1514506792)
[   31.375058] BIOS EDD facility v0.16 2004-Jun-25, 0 devices found
[   31.468243] EDD information not available.
[   31.531002] Freeing unused kernel memory: 1492K
[   31.550187] Write protecting the kernel read-only data: 14336k
[   31.631180] Freeing unused kernel memory: 1744K
[   31.671421] Freeing unused kernel memory: 108K
Loading, please [   31.688723] random: systemd-udevd: uninitialized urandom read (16 bytes read, 4 bits of entropy available)
wait...
startin[   31.689134] random: udevadm: uninitialized urandom read (16 bytes read, 4 bits of entropy available)
g version 229
[   31.689148] random: udevadm: uninitialized urandom read (16 bytes read, 4 bits of entropy available)
[   31.695269] random: udevadm: uninitialized urandom read (16 bytes read, 4 bits of entropy available)
[   31.695296] random: udevadm: uninitialized urandom read (16 bytes read, 4 bits of entropy available)
[   31.695401] random: udevadm: uninitialized urandom read (16 bytes read, 4 bits of entropy available)
[   31.695436] random: udevadm: uninitialized urandom read (16 bytes read, 4 bits of entropy available)
[   31.695470] random: udevadm: uninitialized urandom read (16 bytes read, 4 bits of entropy available)
[   31.695503] random: udevadm: uninitialized urandom read (16 bytes read, 4 bits of entropy available)
[   31.695537] random: udevadm: uninitialized urandom read (16 bytes read, 4 bits of entropy available)
[   32.764277] e1000: Intel(R) PRO/1000 Network Driver - version 7.3.21-k8-NAPI
[   32.850397] e1000: Copyright (c) 1999-2006 Intel Corporation.
[   32.956040] Fusion MPT base driver 3.04.20
[   33.035796] Copyright (c) 1999-2008 LSI Corporation
[   33.125185] AVX version of gcm_enc/dec engaged.
[   33.144452] AES CTR mode by8 optimization enabled
[   33.237400] Fusion MPT SPI Host driver 3.04.20
[   33.321910] e1000 0000:00:03.0 eth0: (PCI:33MHz:32-bit) 02:63:8e:2c:ef:cd
[   33.505523] e1000 0000:00:03.0 eth0: Intel(R) PRO/1000 Network Connection
[   33.612245] mptbase: ioc0: Initiating bringup
[   33.612383] e1000 0000:00:03.0 enp0s3: renamed from eth0
[   33.645673] input: ImExPS/2 Generic Explorer Mouse as /devices/platform/i8042/serio1/input/input4
[   33.758545] ioc0: LSI53C1030 A0: Capabilities={Initiator}
[   34.074556] scsi host2: ioc0: LSI53C1030 A0, FwRev=00000000h, Ports=1, MaxQ=256, IRQ=20
[   34.275265] scsi 2:0:0:0: Direct-Access     VBOX     HARDDISK         1.0  PQ: 0 ANSI: 5
[   34.451516] scsi target2:0:0: Beginning Domain Validation
[   34.580285] scsi target2:0:0: Domain Validation skipping write tests
[   34.738152] scsi target2:0:0: Ending Domain Validation
[   34.859987] scsi target2:0:0: asynchronous
[   34.916478] scsi 2:0:1:0: Direct-Access     VBOX     HARDDISK         1.0  PQ: 0 ANSI: 5
[   35.148327] scsi target2:0:1: Beginning Domain Validation
[   35.254008] scsi target2:0:1: Domain Validation skipping write tests
[   35.398350] scsi target2:0:1: Ending Domain Validation
[   35.488326] scsi target2:0:1: asynchronous
[   35.545509] sd 2:0:0:0: Attached scsi generic sg0 type 0
[   35.640795] sd 2:0:0:0: [sda] 20971520 512-byte logical blocks: (10.7 GB/10.0 GiB)
[   35.735826] sd 2:0:1:0: [sdb] 20480 512-byte logical blocks: (10.5 MB/10.0 MiB)
[   35.872723] sd 2:0:1:0: [sdb] Write Protect is off
[   35.872751] sd 2:0:0:0: [sda] Write Protect is off
[   35.872772] sd 2:0:1:0: Attached scsi generic sg1 type 0
[   35.977937] floppy0: no floppy controllers found
[   35.977980] work still pending
[   36.225826] sd 2:0:0:0: [sda] Incomplete mode parameter data
[   36.225827] sd 2:0:0:0: [sda] Assuming drive cache: write through
[   36.554081] sd 2:0:1:0: [sdb] Incomplete mode parameter data
[   36.678392] sd 2:0:1:0: [sdb] Assuming drive cache: write through
[   36.849955]  sda: sda1
[   36.908097] sd 2:0:1:0: [sdb] Attached SCSI disk
[   37.011069] sd 2:0:0:0: [sda] Attached SCSI disk
Begin: Loading e[   38.400796] md: linear personality registered for level -1
ssential drivers[   38.493393] md: multipath personality registered for level -4
 ... [   38.553560] md: raid0 personality registered for level 0
[   38.633090] md: raid1 personality registered for level 1
[   38.793739] raid6: sse2x1   gen()  9455 MB/s
[   38.937778] raid6: sse2x1   xor()  7686 MB/s
[   39.081805] raid6: sse2x2   gen() 12196 MB/s
[   39.209796] raid6: sse2x2   xor()  8274 MB/s
[   39.361832] raid6: sse2x4   gen() 14167 MB/s
[   39.521837] raid6: sse2x4   xor() 10431 MB/s
[   39.602184] raid6: using algorithm sse2x4 gen() 14167 MB/s
[   39.692574] raid6: .... xor() 10431 MB/s, rmw enabled
[   39.702715] raid6: using ssse3x2 recovery algorithm
[   39.790028] xor: automatically using best checksumming function:
[   39.933893]    avx       : 21306.000 MB/sec
[   40.013071] async_tx: api initialized (async)
[   40.108628] md: raid6 personality registered for level 6
[   40.228309] md: raid5 personality registered for level 5
[   40.367835] md: raid4 personality registered for level 4
[   40.484751] md: raid10 personality registered for level 10
done.
Begin: Running /scripts/init-p[   40.599245] Btrfs loaded
remount ... done.
Begin: Mounting root file system ... Begin: R[   40.712518] EXT4-fs (sda1): INFO: recovery required on readonly filesystem
unning /scripts/[   40.799407] EXT4-fs (sda1): write access will be enabled during recovery
local-top ... done.
Begin: Running /scripts/local-premount ... Scanning for Btrfs filesystems
done.
Warning: fsck not present, so skipping root file system
[   41.191338] EXT4-fs (sda1): orphan cleanup on readonly fs
[   41.313511] EXT4-fs (sda1): 1 orphan inode deleted
[   41.423489] EXT4-fs (sda1): recovery complete
[   41.522502] EXT4-fs (sda1): mounted filesystem with ordered data mode. Opts: (null)
done.
Begin: Running /scripts/local-bottom ... done.
Begin: Running /scripts/init-bottom ... done.
[   41.843839] random: nonblocking pool is initialized
[   42.283358] systemd[1]: systemd 229 running in system mode. (+PAM +AUDIT +SELINUX +IMA +APPARMOR +SMACK +SYSVINIT +UTMP +LIBCRYPTSETUP +GCRYPT +GNUTLS +ACL +XZ -LZ4 +SECCOMP +BLKID +ELFUTILS +KMOD -IDN)
[   42.556310] systemd[1]: Detected virtualization oracle.
[   42.645104] systemd[1]: Detected architecture x86-64.

Welcome to [1mUbuntu 16.04.3 LTS[0m!

[   42.827350] systemd[1]: Set hostname to <ubuntu-xenial>.
[   43.543746] systemd[1]: Set up automount Arbitrary Executable File Formats File System Automount Point.
[[0;32m  OK  [0m] Set up automount Arbitrary Executab...ats File System Automount Point.
[   43.714157] systemd[1]: Started Forward Password Requests to Wall Directory Watch.
[[0;32m  OK  [0m] Started Forward Password Requests to Wall Directory Watch.
[   43.998428] systemd[1]: Listening on Syslog Socket.
[[0;32m  OK  [0m] Listening on Syslog Socket.
[   44.098193] systemd[1]: Listening on udev Kernel Socket.
[[0;32m  OK  [0m] Listening on udev Kernel Socket.
[   44.226441] systemd[1]: Listening on udev Control Socket.
[[0;32m  OK  [0m] Listening on udev Control Socket.
[   44.370387] systemd[1]: Reached target Encrypted Volumes.
[[0;32m  OK  [0m] Reached target Encrypted Volumes.
[   44.534200] systemd[1]: Reached target User and Group Name Lookups.
[[0;32m  OK  [0m] Reached target User and Group Name Lookups.
[   44.730353] systemd[1]: Listening on Journal Audit Socket.
[[0;32m  OK  [0m] Listening on Journal Audit Socket.
[   44.846255] systemd[1]: Listening on Journal Socket.
[[0;32m  OK  [0m] Listening on Journal Socket.
[   45.044755] systemd[1]: Created slice System Slice.
[[0;32m  OK  [0m] Created slice System Slice.
[   45.238163] systemd[1]: Mounting POSIX Message Queue File System...
         Mounting POSIX Message Queue File System...
[   45.422518] systemd[1]: Created slice system-serial\x2dgetty.slice.
[[0;32m  OK  [0m] Created slice system-serial\x2dgetty.slice.
[   45.601877] systemd[1]: Starting Uncomplicated firewall...
         Starting Uncomplicated firewall...
[   45.725109] systemd[1]: Mounting Debug File System...
         Mounting Debug File System...
[   45.778277] systemd[1]: Mounting Huge Pages File System...
         Mounting Huge Pages File System...
[   45.966454] systemd[1]: Listening on Journal Socket (/dev/log).
[[0;32m  OK  [0m] Listening on Journal Socket (/dev/log).
[   46.202381] systemd[1]: Starting Journal Service...
         Starting Journal Service...
[   46.255779] systemd[1]: Listening on Device-mapper event daemon FIFOs.
[[0;32m  OK  [0m] Listening on Device-mapper event daemon FIFOs.
[   46.458085] systemd[1]: Starting Create list of required static device nodes for the current kernel...
         Starting Create list of required st... nodes for the current kernel...
[   46.749915] systemd[1]: Starting Remount Root and Kernel File Systems...
         [   46.886468] EXT4-fs (sda1): re-mounted. Opts: (null)
Starting Remount Root and Kernel File Systems...
[   47.013951] systemd[1]: Starting Set console keymap...
         Starting Set console keymap...
[   47.142184] systemd[1]: Created slice User and Session Slice.
[[0;32m  OK  [0m] Created slice User and Session Slice.
[   47.274047] systemd[1]: Starting Load Kernel Modules...
         Starting Load Kernel Modules...
[   47.321962] systemd[1]: Starting Nameserver information manager...
         Starting Nameserver information manager...
[   47.370068] systemd[1]: Reached target Swap.
[[0;32m  OK  [0[   47.492507] Loading iSCSI transport class v2.0-870.
m] Reached target Swap.
[   47.606118] systemd[1]: Started Trigger resolvconf update for networkd DNS.
[[0;32m  OK  [0[   47.737129] iscsi: registered transport (tcp)
m] Started Trigger resolvconf update for networkd DNS.
[   47.894622] systemd[1]: Reached target Slices.
[[0;32m  OK  [0[   48.015092] iscsi: registered transport (iser)
m] Reached target Slices.
[   48.098280] systemd[1]: Listening on LVM2 metadata daemon socket.
[[0;32m  OK  [0m] Listening on LVM2 metadata daemon socket.
[   48.318209] systemd[1]: Starting Monitoring of LVM2 mirrors, snapshots etc. using dmeventd or progress polling...
         Starting Monitoring of LVM2 mirrors... dmeventd or progress polling...
[   48.618172] systemd[1]: Listening on LVM2 poll daemon socket.
[[0;32m  OK  [0m] Listening on LVM2 poll daemon socket.
[   48.722228] systemd[1]: Listening on /dev/initctl Compatibility Named Pipe.
[[0;32m  OK  [0m] Listening on /dev/initctl Compatibility Named Pipe.
[   48.974819] systemd[1]: Mounted POSIX Message Queue File System.
[[0;32m  OK  [0m] Mounted POSIX Message Queue File System.
[   49.010246] systemd[1]: Mounted Debug File System.
[[0;32m  OK  [0m] Mounted Debug File System.
[   49.206292] systemd[1]: Mounted Huge Pages File System.
[[0;32m  OK  [0m] Mounted Huge Pages File System.
[   49.294415] systemd[1]: Started Journal Service.
[[0;32m  OK  [0m] Started Journal Service.
[[0;32m  OK  [0m] Started Uncomplicated firewall.
[[0;32m  OK  [0m] Started Create list of required sta...ce nodes for the current kernel.
[[0;32m  OK  [0m] Started Remount Root and Kernel File Systems.
[[0;32m  OK  [0m] Started Set console keymap.
[[0;32m  OK  [0m] Started Load Kernel Modules.
[[0;32m  OK  [0m] Started Nameserver information manager.
[[0;32m  OK  [0m] Started LVM2 metadata daemon.
         Mounting FUSE Control File System...
         Starting Apply Kernel Variables...
         Starting Initial cloud-init job (pre-networking)...
         Starting Load/Save Random Seed...
         Starting udev Coldplug all Devices...
         Starting Create Static Device Nodes in /dev...
         Starting Flush Journal to Persistent Storage...
[[0;32m  OK  [0m] Mounted FUSE Control File System.
[[0;32m  OK  [0m] Started Monitoring of LVM2 mirrors,...ng dmeventd or progress polling.
[[0;32m  OK  [0m] Started Apply Kernel Variables.
[[0;32m  OK  [0m] Started Load/Save Random Seed.
[[0;32m  OK  [0m] Started Create Static Device Nodes in /dev.
[[0;32m  OK  [0m] Started udev Coldplug all Devices.
         Starting udev Kernel Device Manager...
[[0;32m  OK  [0m] Started Flush Journal to Persistent Storage.
[[0;32m  OK  [0m] Started udev Kernel Device Manager.
[[0;32m  OK  [0m] Started Dispatch Password Requests to Console Directory Watch.
[[0;32m  OK  [0m] Reached target Local File Systems (Pre).
[[0;32m  OK  [0m] Reached target Local File Systems.
         Starting Tell Plymouth To Write Out Runtime Data...
         Starting Create Volatile Files and Directories...
         Starting LSB: AppArmor initialization...
         Starting Set console font and keymap...
[[0;32m  OK  [0m] Started Tell Plymouth To Write Out Runtime Data.
[[0;32m  OK  [0m] Started Create Volatile Files and Directories.
[[0;32m  OK  [0m] Found device /dev/ttyS0.
[[0;32m  OK  [0m] Reached target System Time Synchronized.
         Starting Update UTMP about System Boot/Shutdown...
[[0;32m  OK  [0m] Started Update UTMP about System Boot/Shutdown.
[[0;32m  OK  [0m] Found device 82540EM Gigabit Ethern...r (PRO/1000 MT Desktop Adapter).
[[0;32m  OK  [0m] Started Set console font and keymap.
[[0;32m  OK  [0m] Created slice system-getty.slice.
[[0;32m  OK  [0m] Listening on Load/Save RF Kill Switch Status /dev/rfkill Watch.
[[0;32m  OK  [0m] Started LSB: AppArmor initialization.
[   31.449463] cloud-init[454]: Cloud-init v. 17.1 running 'init-local' at Fri, 29 Dec 2017 00:20:14 +0000. Up 30.86 seconds.
[[0;32m  OK  [0m] Started Initial cloud-init job (pre-networking).
[[0;32m  OK  [0m] Reached target Network (Pre).
[[0;32m  OK  [0m] Started ifup for enp0s3.
         Starting Raise network interfaces...
[[0;32m  OK  [0m] Started Raise network interfaces.
[[0;32m  OK  [0m] Reached target Network.
         Starting Initial cloud-init job (metadata service crawler)...
[   33.094032] cloud-init[969]: Cloud-init v. 17.1 running 'init' at Fri, 29 Dec 2017 00:20:16 +0000. Up 32.28 seconds.
[   33.152549] [cloud-init[0;32m  OK  [0m[969]: ] ci-info: +++++++++++++++++++++++++++++++++++++Net device info++++++++++++++++++++++++++++++++++++++Started Initial cloud-init job (metadata service crawler).

[   33.152978] cloud-init[969]: ci-info: +--------+------+----------------------------+---------------+-------+-------------------+
[   33.472647] [cloud-init[0;32m  OK  [0m[969]: ] ci-info: | Device |  Up  |          Address           |      Mask     | Scope |     Hw-Address    |Reached target System Initialization.

[   33.473578] [cloud-init[0;32m  OK  [0m[969]: ] ci-info: +--------+------+----------------------------+---------------+-------+-------------------+Listening on ACPID Listen Socket.

[[0;32m  OK  [0m] Listening on UUID daemon activation socket.
[   33.641766] cloud-init[969]: ci-info: | enp0s3 | True |         10.0.2.15          | 255.255.255.0 |   .   | 02:63:8e:2c:ef:cd |
[   34.016797] [cloud-init[0;32m  OK  [0m[969]: ] ci-info: | enp0s3 | True | fe80::63:8eff:fe2c:efcd/64 |       .       |  link | 02:63:8e:2c:ef:cd |Started Timer to automatically refresh installed snaps.

[   34.017694] [cloud-init[0;32m  OK  [0m[969]: ] ci-info: |   lo   | True |         127.0.0.1          |   255.0.0.0   |   .   |         .         |Listening on D-Bus System Message Bus Socket.

[   34.436850] [cloud-init[0;32m  OK  [0m[969]: ] ci-info: |   lo   | True |          ::1/128           |       .       |  host |         .         |Started Daily Cleanup of Temporary Directories.

[   34.437767] cloud-init[969]: ci-info: +--------+------+----------------------------+---------------+-------+-------------------+
[   34.760796] [cloud-init[0;32m  OK  [0m[969]: ] ci-info: +++++++++++++++++++++++++++Route IPv4 info++++++++++++++++++++++++++++Started ACPI Events Check.

[   34.761714] [cloud-init[0;32m  OK  [0m[969]: ] ci-info: +-------+-------------+----------+---------------+-----------+-------+Reached target Paths.

         Starting LXD - unix socket.
         Starting Socket activation for snappy daemon.
[[0;32m  OK  [0m] Reached target Network is Online.
[[0;32m  OK  [0m] Started Daily apt download activities.
[[0;32m  OK  [0m] Started Daily apt upgrade and clean activities.
[[0;32m  OK  [0m] Reached target Timers.
[   34.901430] cloud-init[969]: ci-info: | Route | Destination | Gateway  |    Genmask    | Interface | Flags |
[   35.508930]          cloud-initStarting iSCSI initiator daemon (iscsid)...[969]: 
ci-info: +-------+-------------+----------+---------------+-----------+-------+
[   35.664979] [cloud-init[0;32m  OK  [0m[969]: ] ci-info: |   0   |   0.0.0.0   | 10.0.2.2 |    0.0.0.0    |   enp0s3  |   UG  |Reached target Cloud-config availability.

[   35.666002] cloud-init[969]: ci-info: |   1   |   10.0.2.0  | 0.0.0.0  | 255.255.255.0 |   enp0s3  |   U   |
[   35.916793] [cloud-init[0;32m  OK  [0m[969]: ] ci-info: +-------+-------------+----------+---------------+-----------+-------+Listening on LXD - unix socket.

[[0;32m  OK  [0m] Listening on Socket activation for snappy daemon.
[[0;32m  OK  [0m] Reached target Sockets.
[[0;32m  OK  [0m] Reached target Basic System.
         Starting /etc/rc.local Compatibility...
[[0;32m  OK  [0m] Started FUSE filesystem for LXC.
         Starting Apply the settings specified in cloud-config...
         Starting Accounts Service...
[[0;32m  OK  [0m] Started D-Bus System Message Bus.
[[0;32m  OK  [0m] Started Regular background program processing daemon.
         Starting System Logging Service...
[   36.776889] cloud-init[1032]: Cloud-init v. 17.1 running 'modules:config' at Fri, 29 Dec 2017 00:20:20 +0000. Up 36.58 seconds.
         Starting LSB: Record successful boot for GRUB...
         Starting LSB: MD monitoring daemon...
         Starting LXD - container startup/shutdown...
         Starting OpenBSD Secure Shell server...
[[0;32m  OK  [0m] Started Unattended Upgrades Shutdown.
[[0;32m  OK  [0m] Started ACPI event daemon.
[[0;32m  OK  [0m] Started Deferred execution scheduler.
         Starting Snappy daemon...
         Starting Login Service...
[[0;32m  OK  [0m] Started System Logging Service.
[[0;32m  OK  [0m] Started iSCSI initiator daemon (iscsid).
[[0;32m  OK  [0m] Started /etc/rc.local Compatibility.
[[0;32m  OK  [0m] Started Apply the settings specified in cloud-config.
[[0;32m  OK  [0m] Started OpenBSD Secure Shell server.
         Starting Authenticate and Authorize Users to Run Privileged Tasks...
         Starting Login to default iSCSI targets...
[[0;32m  OK  [0m] Started Login Service.
[[0;32m  OK  [0m] Started LSB: Record successful boot for GRUB.
[[0;32m  OK  [0m] Started LSB: MD monitoring daemon.
[[0;32m  OK  [0m] Started Authenticate and Authorize Users to Run Privileged Tasks.
[[0;32m  OK  [0m] Started Accounts Service.
[[0;32m  OK  [0m] Started Login to default iSCSI targets.
[[0;32m  OK  [0m] Reached target Remote File Systems (Pre).
[[0;32m  OK  [0m] Reached target Remote File Systems.
         Starting LSB: VirtualBox Linux Additions...
         Starting LSB: Set the CPU Frequency Scaling governor to "ondemand"...
         Starting LSB: daemon to balance interrupts for SMP systems...
         Starting Permit User Sessions...
         Starting LSB: automatic crash report generation...
[[0;32m  OK  [0m] Started Permit User Sessions.
[[0;32m  OK  [0m] Started LXD - container startup/shutdown.
[[0;32m  OK  [0m] Started LSB: Set the CPU Frequency Scaling governor to "ondemand".
[[0;32m  OK  [0m] Started LSB: daemon to balance interrupts for SMP systems.
[[0;32m  OK  [0m] Started Snappy daemon.
[[0;32m  OK  [0m] Started LSB: VirtualBox Linux Additions.
[[0;32m  OK  [0m] Created slice User Slice of ubuntu.
         Starting User Manager for UID 1000...
[[0;32m  OK  [0m] Started Session 1 of user ubuntu.
         Starting Terminate Plymouth Boot Screen...
         Starting Hold until boot process finishes up...
[[0;32m  OK  [0m] Started User Manager for UID 1000.
[[0;32m  OK  [0m] Started LSB: automatic crash report generation.
[[0;32m  OK  [0m] Started Terminate Plymouth Boot Screen.
[[0;32m  OK  [0m] Started Hold until boot process finishes up.
         Starting Set console scheme...
[[0;32m  OK  [0m] Started Getty on tty1.
[[0;32m  OK  [0m] Started Serial Getty on ttyS0.
[[0;32m  OK  [0m] Reached target Login Prompts.
[[0;32m  OK  [0m] Reached target Multi-User System.
         Starting Execute cloud user/final scripts...
[[0;32m  OK  [0m] Reached target Graphical Interface.
         Starting Update UTMP about System Runlevel Changes...
[[0;32m  OK  [0m] Started Set console scheme.
[[0;32m  OK  [0m] Started Update UTMP about System Runlevel Changes.
[   41.247370] cloud-init[1203]: Cloud-init v. 17.1 running 'modules:final' at Fri, 29 Dec 2017 00:20:24 +0000. Up 41.05 seconds.
[   41.372929] cloud-init[1203]: Cloud-init v. 17.1 finished at Fri, 29 Dec 2017 00:20:25 +0000. Datasource DataSourceNoCloud [seed=/dev/sdb][dsmode=net].  Up 41.24 seconds
[[0;32m  OK  [0m] Started Execute cloud user/final scripts.
         Starting Daily apt download activities...
[[0;32m  OK  [0m] Reached target Cloud-init target.
         Stopping User Manager for UID 1000...
[[0;32m  OK  [0m] Stopped User Manager for UID 1000.
[[0;32m  OK  [0m] Removed slice User Slice of ubuntu.

Ubuntu 16.04.3 LTS ubuntu-xenial ttyS0

ubuntu-xenial login: 